Initializing document watcher...
Document watcher initialized
vicenteaugusto_useche/src/types.ts: {"tabSize":2,"indentSize":2,"insertSpaces":true,"cursorStyle":1,"lineNumbers":1}
vicenteaugusto_useche/src/types.ts: Using EditorConfig core...
src/types.ts: Target charset is not set
vicenteaugusto_useche/src/App.tsx: {"tabSize":2,"indentSize":2,"insertSpaces":true,"cursorStyle":1,"lineNumbers":1}
vicenteaugusto_useche/src/App.tsx: Using EditorConfig core...
src/App.tsx: Target charset is not set
vicenteaugusto_useche/src/App.tsx: {"tabSize":2,"indentSize":2,"insertSpaces":true,"cursorStyle":1,"lineNumbers":1}
vicenteaugusto_useche/viWW.ts: {"tabSize":2,"indentSize":2,"insertSpaces":true,"cursorStyle":1,"lineNumbers":1}
vicenteaugusto_useche/viWW.ts: Using EditorConfig core...
viWW.ts: Target charset is not set
vicenteaugusto_useche/src/types.ts: Using EditorConfig core...
vicenteaugusto_useche/src/types.ts: Using EditorConfig core...
src/types.ts: Target charset is not set
vicenteaugusto_useche/src/App.tsx: Using EditorConfig core...
vicenteaugusto_useche/src/App.tsx: Using EditorConfig core...
src/App.tsx: Target charset is not set
vicenteaugusto_useche/src/App.tsx: {"tabSize":2,"indentSize":2,"insertSpaces":true,"cursorStyle":1,"lineNumbers":1}
vicenteaugusto_useche/src/App.tsx: Using EditorConfig core...
src/App.tsx: Target charset is not set
vicenteaugusto_useche/viWW.ts: Using EditorConfig core...
vicenteaugusto_useche/viWW.ts: Using EditorConfig core...
vicenteaugusto_useche/viWW.ts: Using EditorConfig core...
viWW.ts: Target charset is not set
vicenteaugusto_useche/viWW.ts: Using EditorConfig core...
viWW.ts: Target charset is not set
vicenteaugusto_useche/src/App.tsx: {"tabSize":2,"indentSize":2,"insertSpaces":true,"cursorStyle":1,"lineNumbers":1}
vicenteaugusto_useche/src/App.tsx: {"tabSize":2,"indentSize":2,"insertSpaces":true,"cursorStyle":1,"lineNumbers":1}
vicenteaugusto_useche/src/App.tsx: {"tabSize":2,"indentSize":2,"insertSpaces":true,"cursorStyle":1,"lineNumbers":1}
vicenteaugusto_useche/src/App.tsx: {"tabSize":2,"indentSize":2,"insertSpaces":true,"cursorStyle":1,"lineNumbers":1}
vicenteaugusto_useche/src/App.tsx: {"tabSize":2,"indentSize":2,"insertSpaces":true,"cursorStyle":1,"lineNumbers":1}
vicenteaugusto_useche/src/App.tsx: {"tabSize":2,"indentSize":2,"insertSpaces":true,"cursorStyle":1,"lineNumbers":1}
vicenteaugusto_useche/src/App.tsx: {"tabSize":2,"indentSize":2,"insertSpaces":true,"cursorStyle":1,"lineNumbers":1}
vicenteaugusto_useche/src/App.tsx: {"tabSize":2,"indentSize":2,"insertSpaces":true,"cursorStyle":1,"lineNumbers":1}
vicenteaugusto_useche/viWW.ts: {"tabSize":2,"indentSize":2,"insertSpaces":true,"cursorStyle":1,"lineNumbers":1}
vicenteaugusto_useche/viWW.ts: Using EditorConfig core...
viWW.ts: Target charset is not set
vicenteaugusto_useche/viWW.ts: {"tabSize":2,"indentSize":2,"insertSpaces":true,"cursorStyle":1,"lineNumbers":1}
vicenteaugusto_useche/viWW.ts: Using EditorConfig core...
vicenteaugusto_useche/viWW.ts: Using EditorConfig core...
viWW.ts: Target charset is not set
vicenteaugusto_useche/viWW.ts: Using EditorConfig core...
vicenteaugusto_useche/viWW.ts: Using EditorConfig core...
viWW.ts: Target charset is not set
