Code OSS for Cloud Shell (1.109.5-cde, 970-cs-2692c06f-fb8b-4a5a-8d1e-c5bb6a209a86.cs-us-east1-rtep.cloudshell.dev, desktop)
Jupyter Extension Version: 2025.9.1.
Python Extension Version: 2026.4.0.
Python Environment Extension not installed.
Pylance Extension not installed.
Platform: linux (x64).
Home = /home/vicenteaugusto_useche
Temp Storage folder ~/.codeoss/data/User/globalStorage/ms-toolsai.jupyter/version-2025.9.1
Workspace folder /home/vicenteaugusto_useche
21:12:04.336 [info] Ending debug session 8902649c-6264-4e93-9186-57a00d3c725e
21:12:04.337 [info] Ending debug session 8902649c-6264-4e93-9186-57a00d3c725e
21:12:04.337 [info] Ending debug session f45f5d19-c4b6-485d-9372-014a9c286c25
21:12:04.337 [info] Ending debug session f45f5d19-c4b6-485d-9372-014a9c286c25
21:49:39.835 [info] Ending debug session bf64b550-f569-4f28-8758-4b8ad48a9b65
21:49:39.835 [info] Ending debug session bf64b550-f569-4f28-8758-4b8ad48a9b65
21:49:52.644 [info] Ending debug session 34181005-a3c4-4609-a228-73a87a851cbd
21:49:52.644 [info] Ending debug session 34181005-a3c4-4609-a228-73a87a851cbd
21:52:12.836 [info] Ending debug session bb3f644f-a208-4203-bd14-9457fedd3a82
21:52:12.836 [info] Ending debug session bb3f644f-a208-4203-bd14-9457fedd3a82
22:35:49.659 [info] Ending debug session aa027099-e4b6-4cec-a813-f54aaa274cb5
22:35:49.659 [info] Ending debug session aa027099-e4b6-4cec-a813-f54aaa274cb5
22:57:36.002 [info] Ending debug session ffad56ff-fe74-4f22-a64b-2ea5e7719d42
22:57:36.002 [info] Ending debug session ffad56ff-fe74-4f22-a64b-2ea5e7719d42
22:57:53.787 [info] Ending debug session d931aa44-fa11-4f97-a591-a68ec0d96161
22:57:53.787 [info] Ending debug session d931aa44-fa11-4f97-a591-a68ec0d96161
23:14:22.824 [info] Ending debug session 91c8dd25-4a27-4b36-8b8c-209fa085b552
23:14:22.824 [info] Ending debug session 91c8dd25-4a27-4b36-8b8c-209fa085b552
23:14:25.833 [info] Ending debug session 633c209b-c887-43cf-b06e-85fbf06b706b
23:14:25.834 [info] Ending debug session 633c209b-c887-43cf-b06e-85fbf06b706b
23:21:38.839 [info] Ending debug session e7ae3c4d-463c-413c-bb4e-e8870dc89d39
23:21:38.839 [info] Ending debug session e7ae3c4d-463c-413c-bb4e-e8870dc89d39
23:42:20.294 [info] Ending debug session 9359389b-9940-4f39-8cf2-256ac823e365
23:42:20.294 [info] Ending debug session 9359389b-9940-4f39-8cf2-256ac823e365
23:42:23.860 [info] Ending debug session 5848ec7b-f992-41af-81dc-8f2e2cbf3a4f
23:42:23.860 [info] Ending debug session 5848ec7b-f992-41af-81dc-8f2e2cbf3a4f
23:42:52.158 [info] Ending debug session 07191d69-0b03-4cac-a8a7-60a3b096ddc3
23:42:52.158 [info] Ending debug session 07191d69-0b03-4cac-a8a7-60a3b096ddc3
23:42:55.378 [info] Ending debug session 4f4cb1a5-5bc7-4084-9113-3cfb8480a120
23:42:55.378 [info] Ending debug session 4f4cb1a5-5bc7-4084-9113-3cfb8480a120
23:42:55.378 [info] Ending debug session 283a7b5a-90f1-4c0c-83cc-72bb9eae6ccb
23:42:55.378 [info] Ending debug session 283a7b5a-90f1-4c0c-83cc-72bb9eae6ccb
23:42:55.378 [info] Ending debug session 65a6e017-99d5-48a5-b144-b3349f06a281
23:42:55.378 [info] Ending debug session 65a6e017-99d5-48a5-b144-b3349f06a281
23:45:55.020 [info] Ending debug session 25313d98-e3fd-4a46-abff-8fc5eebad324
23:45:55.021 [info] Ending debug session 25313d98-e3fd-4a46-abff-8fc5eebad324
