Initializing document watcher...
Document watcher initialized
vicenteaugusto_useche/src/App.tsx: {"tabSize":2,"indentSize":2,"insertSpaces":true,"cursorStyle":1,"lineNumbers":1}
vicenteaugusto_useche/src/App.tsx: Using EditorConfig core...
src/App.tsx: Target charset is not set
No more open editors.
No more open editors.
No more open editors.
vicenteaugusto_useche/src/App.tsx: {"tabSize":2,"indentSize":2,"insertSpaces":true,"cursorStyle":1,"lineNumbers":1}
vicenteaugusto_useche/src/App.tsx: Using EditorConfig core...
src/App.tsx: Target charset is not set
vicenteaugusto_useche/src/App.tsx: {"tabSize":2,"indentSize":2,"insertSpaces":true,"cursorStyle":1,"lineNumbers":1}
vicenteaugusto_useche/.codeoss/data/User/History/103b0847/GFtv.ts: {"tabSize":2,"indentSize":2,"insertSpaces":true,"cursorStyle":1,"lineNumbers":1}
vicenteaugusto_useche/.codeoss/data/User/History/103b0847/GFtv.ts: Using EditorConfig core...
.codeoss/data/User/History/103b0847/GFtv.ts: Target charset is not set
vicenteaugusto_useche/.codeoss/data/User/History/103b0847/GFtv.ts: Using EditorConfig core...
vicenteaugusto_useche/.codeoss/data/User/History/103b0847/GFtv.ts: Using EditorConfig core...
.codeoss/data/User/History/103b0847/GFtv.ts: Target charset is not set
vicenteaugusto_useche/.codeoss/data/User/History/103b0847/GFtv.ts: Using EditorConfig core...
vicenteaugusto_useche/.codeoss/data/User/History/103b0847/GFtv.ts: Using EditorConfig core...
.codeoss/data/User/History/103b0847/GFtv.ts: Target charset is not set
vicenteaugusto_useche/vite.config.ts: {"tabSize":2,"indentSize":2,"insertSpaces":true,"cursorStyle":1,"lineNumbers":1}
vicenteaugusto_useche/vite.config.ts: Using EditorConfig core...
vite.config.ts: Target charset is not set
vicenteaugusto_useche/.codeoss/data/User/History/103b0847/GFtv.ts: {"tabSize":2,"indentSize":2,"insertSpaces":true,"cursorStyle":1,"lineNumbers":1}
vicenteaugusto_useche/.codeoss/data/User/History/103b0847/GFtv.ts: Using EditorConfig core...
.codeoss/data/User/History/103b0847/GFtv.ts: Target charset is not set
vicenteaugusto_useche/.codeoss/data/User/History/103b0847/GFtv.ts: Using EditorConfig core...
vicenteaugusto_useche/.codeoss/data/User/History/103b0847/GFtv.ts: Using EditorConfig core...
.codeoss/data/User/History/103b0847/GFtv.ts: Target charset is not set
vicenteaugusto_useche/vite.config.ts: Using EditorConfig core...
vicenteaugusto_useche/vite.config.ts: Using EditorConfig core...
vite.config.ts: Target charset is not set
vicenteaugusto_useche/.codeoss/data/User/History/103b0847/GFtv.ts: Using EditorConfig core...
vicenteaugusto_useche/.codeoss/data/User/History/103b0847/GFtv.ts: Using EditorConfig core...
.codeoss/data/User/History/103b0847/GFtv.ts: Target charset is not set
vicenteaugusto_useche/.codeoss/data/User/History/103b0847/GFtv.ts: {"tabSize":2,"indentSize":2,"insertSpaces":true,"cursorStyle":1,"lineNumbers":1}
vicenteaugusto_useche/.codeoss/data/User/History/103b0847/GFtv.ts: {"tabSize":2,"indentSize":2,"insertSpaces":true,"cursorStyle":1,"lineNumbers":1}
vicenteaugusto_useche/.codeoss/data/User/History/103b0847/GFtv.ts: {"tabSize":2,"indentSize":2,"insertSpaces":true,"cursorStyle":1,"lineNumbers":1}
vicenteaugusto_useche/viWW.ts: {"tabSize":2,"indentSize":2,"insertSpaces":true,"cursorStyle":1,"lineNumbers":1}
vicenteaugusto_useche/viWW.ts: Using EditorConfig core...
viWW.ts: Target charset is not set
vicenteaugusto_useche/viWW.ts: Using EditorConfig core...
vicenteaugusto_useche/viWW.ts: Using EditorConfig core...
viWW.ts: Target charset is not set
vicenteaugusto_useche/viWW.ts: {"tabSize":2,"indentSize":2,"insertSpaces":true,"cursorStyle":1,"lineNumbers":1}
vicenteaugusto_useche/viWW.ts: Using EditorConfig core...
vicenteaugusto_useche/viWW.ts: Using EditorConfig core...
viWW.ts: Target charset is not set
vicenteaugusto_useche/viWW.ts: {"tabSize":2,"indentSize":2,"insertSpaces":true,"cursorStyle":1,"lineNumbers":1}
vicenteaugusto_useche/.codeoss/data/User/History/103b0847/GFtv.ts: {"tabSize":2,"indentSize":2,"insertSpaces":true,"cursorStyle":1,"lineNumbers":1}
vicenteaugusto_useche/.codeoss/data/User/History/103b0847/GFtv.ts: Using EditorConfig core...
.codeoss/data/User/History/103b0847/GFtv.ts: Target charset is not set
vicenteaugusto_useche/vite.config.ts: {"tabSize":2,"indentSize":2,"insertSpaces":true,"cursorStyle":1,"lineNumbers":1}
vicenteaugusto_useche/vite.config.ts: Using EditorConfig core...
vite.config.ts: Target charset is not set
vicenteaugusto_useche/src/App.tsx: {"tabSize":2,"indentSize":2,"insertSpaces":true,"cursorStyle":1,"lineNumbers":1}
vicenteaugusto_useche/src/App.tsx: Using EditorConfig core...
src/App.tsx: Target charset is not set
/User/settings.json: Using EditorConfig core...
/User/settings.json: Using EditorConfig core...
/User/settings.json: Target charset is not set
vicenteaugusto_useche/viWW.ts: {"tabSize":2,"indentSize":2,"insertSpaces":true,"cursorStyle":1,"lineNumbers":1}
vicenteaugusto_useche/viWW.ts: Using EditorConfig core...
viWW.ts: Target charset is not set
vicenteaugusto_useche/viWW.ts: {"tabSize":2,"indentSize":2,"insertSpaces":true,"cursorStyle":1,"lineNumbers":1}
vicenteaugusto_useche/viWW.ts: Using EditorConfig core...
vicenteaugusto_useche/viWW.ts: Using EditorConfig core...
viWW.ts: Target charset is not set
vicenteaugusto_useche/viWW.ts: {"tabSize":2,"indentSize":2,"insertSpaces":true,"cursorStyle":1,"lineNumbers":1}
vicenteaugusto_useche/viWW.ts: Using EditorConfig core...
vicenteaugusto_useche/viWW.ts: Using EditorConfig core...
viWW.ts: Target charset is not set
vicenteaugusto_useche/viWW.ts: {"tabSize":2,"indentSize":2,"insertSpaces":true,"cursorStyle":1,"lineNumbers":1}
vicenteaugusto_useche/index.html: {"tabSize":2,"indentSize":2,"insertSpaces":true,"cursorStyle":1,"lineNumbers":1}
vicenteaugusto_useche/index.html: Using EditorConfig core...
index.html: Target charset is not set
vicenteaugusto_useche/index.html: Using EditorConfig core...
vicenteaugusto_useche/index.html: Using EditorConfig core...
index.html: Target charset is not set
vicenteaugusto_useche/index.html: Using EditorConfig core...
vicenteaugusto_useche/index.html: Using EditorConfig core...
index.html: Target charset is not set
vicenteaugusto_useche/index.html: {"tabSize":2,"indentSize":2,"insertSpaces":true,"cursorStyle":1,"lineNumbers":1}
vicenteaugusto_useche/index.html: {"tabSize":2,"indentSize":2,"insertSpaces":true,"cursorStyle":1,"lineNumbers":1}
vicenteaugusto_useche/index.html: Using EditorConfig core...
vicenteaugusto_useche/index.html: Using EditorConfig core...
index.html: Target charset is not set
vicenteaugusto_useche/index.html: Using EditorConfig core...
vicenteaugusto_useche/index.html: Using EditorConfig core...
index.html: Target charset is not set
vicenteaugusto_useche/index.html: {"tabSize":2,"indentSize":2,"insertSpaces":true,"cursorStyle":1,"lineNumbers":1}
vicenteaugusto_useche/index.html: Using EditorConfig core...
vicenteaugusto_useche/index.html: Using EditorConfig core...
index.html: Target charset is not set
vicenteaugusto_useche/index.html: Using EditorConfig core...
vicenteaugusto_useche/index.html: Using EditorConfig core...
index.html: Target charset is not set
vicenteaugusto_useche/index.html: {"tabSize":2,"indentSize":2,"insertSpaces":true,"cursorStyle":1,"lineNumbers":1}
vicenteaugusto_useche/node_modules/tsx/dist/register-BOkp8V6j.cjs: {"tabSize":4,"indentSize":4,"insertSpaces":true,"cursorStyle":1,"lineNumbers":1}
vicenteaugusto_useche/node_modules/tsx/dist/register-BOkp8V6j.cjs: Using EditorConfig core...
node_modules/tsx/dist/register-BOkp8V6j.cjs: Target charset is not set
vicenteaugusto_useche/node_modules/tsx/dist/register-BOkp8V6j.cjs: {"tabSize":4,"indentSize":4,"insertSpaces":true,"cursorStyle":1,"lineNumbers":1}
vicenteaugusto_useche/node_modules/tsx/dist/register-BOkp8V6j.cjs: {"tabSize":4,"indentSize":4,"insertSpaces":true,"cursorStyle":1,"lineNumbers":1}
vicenteaugusto_useche/node_modules/tsx/dist/register-BOkp8V6j.cjs: {"tabSize":4,"indentSize":4,"insertSpaces":true,"cursorStyle":1,"lineNumbers":1}
vicenteaugusto_useche/node_modules/tsx/dist/register-BOkp8V6j.cjs: {"tabSize":4,"indentSize":4,"insertSpaces":true,"cursorStyle":1,"lineNumbers":1}
vicenteaugusto_useche/src/App.tsx: {"tabSize":2,"indentSize":2,"insertSpaces":true,"cursorStyle":1,"lineNumbers":1}
vicenteaugusto_useche/src/App.tsx: Using EditorConfig core...
vicenteaugusto_useche/src/App.tsx: {"tabSize":2,"indentSize":2,"insertSpaces":true,"cursorStyle":1,"lineNumbers":1}
src/App.tsx: Target charset is not set
vicenteaugusto_useche/viWW.ts: {"tabSize":2,"indentSize":2,"insertSpaces":true,"cursorStyle":1,"lineNumbers":1}
vicenteaugusto_useche/viWW.ts: Using EditorConfig core...
viWW.ts: Target charset is not set
vicenteaugusto_useche/viWW.ts: Using EditorConfig core...
vicenteaugusto_useche/viWW.ts: Using EditorConfig core...
viWW.ts: Target charset is not set
vicenteaugusto_useche/src/App.tsx: Using EditorConfig core...
vicenteaugusto_useche/src/App.tsx: Using EditorConfig core...
src/App.tsx: Target charset is not set
vicenteaugusto_useche/viWW.ts: Using EditorConfig core...
vicenteaugusto_useche/viWW.ts: Using EditorConfig core...
viWW.ts: Target charset is not set
vicenteaugusto_useche/viWW.ts: {"tabSize":2,"indentSize":2,"insertSpaces":true,"cursorStyle":1,"lineNumbers":1}
vicenteaugusto_useche/src/App.tsx: {"tabSize":2,"indentSize":2,"insertSpaces":true,"cursorStyle":1,"lineNumbers":1}
vicenteaugusto_useche/src/App.tsx: Using EditorConfig core...
src/App.tsx: Target charset is not set
vicenteaugusto_useche/src/App.tsx: Using EditorConfig core...
vicenteaugusto_useche/src/App.tsx: Using EditorConfig core...
src/App.tsx: Target charset is not set
vicenteaugusto_useche/viWW.ts: Using EditorConfig core...
vicenteaugusto_useche/viWW.ts: Using EditorConfig core...
viWW.ts: Target charset is not set
vicenteaugusto_useche/src/App.tsx: Using EditorConfig core...
vicenteaugusto_useche/src/App.tsx: Using EditorConfig core...
src/App.tsx: Target charset is not set
vicenteaugusto_useche/src/App.tsx: {"tabSize":2,"indentSize":2,"insertSpaces":true,"cursorStyle":1,"lineNumbers":1}
vicenteaugusto_useche/src/App.tsx: {"tabSize":2,"indentSize":2,"insertSpaces":true,"cursorStyle":1,"lineNumbers":1}
vicenteaugusto_useche/src/App.tsx: Using EditorConfig core...
vicenteaugusto_useche/src/App.tsx: Using EditorConfig core...
src/App.tsx: Target charset is not set
vicenteaugusto_useche/src/App.tsx: Using EditorConfig core...
vicenteaugusto_useche/src/App.tsx: Using EditorConfig core...
src/App.tsx: Target charset is not set
vicenteaugusto_useche/src/App.tsx: Using EditorConfig core...
vicenteaugusto_useche/src/App.tsx: Using EditorConfig core...
src/App.tsx: Target charset is not set
vicenteaugusto_useche/src/App.tsx: Using EditorConfig core...
vicenteaugusto_useche/src/App.tsx: Using EditorConfig core...
src/App.tsx: Target charset is not set
vicenteaugusto_useche/src/components/DashboardAnalytics.tsx: {"tabSize":2,"indentSize":2,"insertSpaces":true,"cursorStyle":1,"lineNumbers":1}
vicenteaugusto_useche/src/components/DashboardAnalytics.tsx: Using EditorConfig core...
vicenteaugusto_useche/src/components/DashboardAnalytics.tsx: {"tabSize":2,"indentSize":2,"insertSpaces":true,"cursorStyle":1,"lineNumbers":1}
src/components/DashboardAnalytics.tsx: Target charset is not set
vicenteaugusto_useche/src/components/DashboardAnalytics.tsx: Using EditorConfig core...
vicenteaugusto_useche/src/components/DashboardAnalytics.tsx: Using EditorConfig core...
src/components/DashboardAnalytics.tsx: Target charset is not set
vicenteaugusto_useche/src/components/DashboardAnalytics.tsx: Using EditorConfig core...
vicenteaugusto_useche/src/components/DashboardAnalytics.tsx: Using EditorConfig core...
src/components/DashboardAnalytics.tsx: Target charset is not set
vicenteaugusto_useche/src/components/DashboardAnalytics.tsx: {"tabSize":2,"indentSize":2,"insertSpaces":true,"cursorStyle":1,"lineNumbers":1}
vicenteaugusto_useche/src/components/DashboardAnalytics.tsx: Using EditorConfig core...
vicenteaugusto_useche/src/components/DashboardAnalytics.tsx: Using EditorConfig core...
src/components/DashboardAnalytics.tsx: Target charset is not set
vicenteaugusto_useche/src/components/DashboardAnalytics.tsx: Using EditorConfig core...
vicenteaugusto_useche/src/components/DashboardAnalytics.tsx: Using EditorConfig core...
src/components/DashboardAnalytics.tsx: Target charset is not set
vicenteaugusto_useche/src/components/DashboardAnalytics.tsx: {"tabSize":2,"indentSize":2,"insertSpaces":true,"cursorStyle":1,"lineNumbers":1}
vicenteaugusto_useche/src/components/DashboardAnalytics.tsx: {"tabSize":2,"indentSize":2,"insertSpaces":true,"cursorStyle":1,"lineNumbers":1}
vicenteaugusto_useche/src/components/DashboardAnalytics.tsx: {"tabSize":2,"indentSize":2,"insertSpaces":true,"cursorStyle":1,"lineNumbers":1}
vicenteaugusto_useche/src/App.tsx: {"tabSize":2,"indentSize":2,"insertSpaces":true,"cursorStyle":1,"lineNumbers":1}
vicenteaugusto_useche/src/App.tsx: Using EditorConfig core...
vicenteaugusto_useche/src/App.tsx: {"tabSize":2,"indentSize":2,"insertSpaces":true,"cursorStyle":1,"lineNumbers":1}
src/App.tsx: Target charset is not set
vicenteaugusto_useche/src/App.tsx: Using EditorConfig core...
vicenteaugusto_useche/src/App.tsx: Using EditorConfig core...
src/App.tsx: Target charset is not set
vicenteaugusto_useche/src/App.tsx: Using EditorConfig core...
vicenteaugusto_useche/src/App.tsx: Using EditorConfig core...
src/App.tsx: Target charset is not set
vicenteaugusto_useche/src/App.tsx: {"tabSize":2,"indentSize":2,"insertSpaces":true,"cursorStyle":1,"lineNumbers":1}
vicenteaugusto_useche/src/App.tsx: Using EditorConfig core...
vicenteaugusto_useche/src/App.tsx: Using EditorConfig core...
src/App.tsx: Target charset is not set
vicenteaugusto_useche/src/App.tsx: Using EditorConfig core...
vicenteaugusto_useche/src/App.tsx: Using EditorConfig core...
src/App.tsx: Target charset is not set
vicenteaugusto_useche/.codeoss/data/User/History/6ed08c50/viWW.ts: {"tabSize":2,"indentSize":2,"insertSpaces":true,"cursorStyle":1,"lineNumbers":1}
vicenteaugusto_useche/.codeoss/data/User/History/6ed08c50/viWW.ts: Using EditorConfig core...
.codeoss/data/User/History/6ed08c50/viWW.ts: Target charset is not set
vicenteaugusto_useche/.codeoss/data/User/History/6ed08c50/viWW.ts: Using EditorConfig core...
vicenteaugusto_useche/src/App.tsx: Using EditorConfig core...
vicenteaugusto_useche/.codeoss/data/User/History/6ed08c50/viWW.ts: Using EditorConfig core...
.codeoss/data/User/History/6ed08c50/viWW.ts: Target charset is not set
vicenteaugusto_useche/src/App.tsx: Using EditorConfig core...
src/App.tsx: Target charset is not set
vicenteaugusto_useche/.codeoss/data/User/History/6ed08c50/viWW.ts: Using EditorConfig core...
vicenteaugusto_useche/.codeoss/data/User/History/6ed08c50/viWW.ts: Using EditorConfig core...
.codeoss/data/User/History/6ed08c50/viWW.ts: Target charset is not set
vicenteaugusto_useche/.codeoss/data/User/History/6ed08c50/viWW.ts: {"tabSize":2,"indentSize":2,"insertSpaces":true,"cursorStyle":1,"lineNumbers":1}
vicenteaugusto_useche/.codeoss/data/User/History/6ed08c50/viWW.ts: {"tabSize":2,"indentSize":2,"insertSpaces":true,"cursorStyle":1,"lineNumbers":1}
vicenteaugusto_useche/.codeoss/data/User/History/6ed08c50/viWW.ts: {"tabSize":2,"indentSize":2,"insertSpaces":true,"cursorStyle":1,"lineNumbers":1}
vicenteaugusto_useche/.codeoss/data/User/History/6ed08c50/viWW.ts: {"tabSize":2,"indentSize":2,"insertSpaces":true,"cursorStyle":1,"lineNumbers":1}
vicenteaugusto_useche/src/App.tsx: {"tabSize":2,"indentSize":2,"insertSpaces":true,"cursorStyle":1,"lineNumbers":1}
vicenteaugusto_useche/src/App.tsx: Using EditorConfig core...
vicenteaugusto_useche/src/App.tsx: {"tabSize":2,"indentSize":2,"insertSpaces":true,"cursorStyle":1,"lineNumbers":1}
src/App.tsx: Target charset is not set
vicenteaugusto_useche/src/App.tsx: Using EditorConfig core...
vicenteaugusto_useche/src/App.tsx: Using EditorConfig core...
src/App.tsx: Target charset is not set
vicenteaugusto_useche/src/App.tsx: Using EditorConfig core...
vicenteaugusto_useche/src/App.tsx: Using EditorConfig core...
src/App.tsx: Target charset is not set
vicenteaugusto_useche/src/App.tsx: {"tabSize":2,"indentSize":2,"insertSpaces":true,"cursorStyle":1,"lineNumbers":1}
vicenteaugusto_useche/src/App.tsx: Using EditorConfig core...
vicenteaugusto_useche/src/App.tsx: Using EditorConfig core...
src/App.tsx: Target charset is not set
vicenteaugusto_useche/src/App.tsx: Using EditorConfig core...
vicenteaugusto_useche/src/App.tsx: Using EditorConfig core...
src/App.tsx: Target charset is not set
vicenteaugusto_useche/src/App.tsx: Using EditorConfig core...
vicenteaugusto_useche/src/App.tsx: Using EditorConfig core...
src/App.tsx: Target charset is not set
vicenteaugusto_useche/src/App.tsx: Using EditorConfig core...
vicenteaugusto_useche/src/App.tsx: Using EditorConfig core...
src/App.tsx: Target charset is not set
vicenteaugusto_useche/src/App.tsx: {"tabSize":2,"indentSize":2,"insertSpaces":true,"cursorStyle":1,"lineNumbers":1}
vicenteaugusto_useche/src/App.tsx: {"tabSize":2,"indentSize":2,"insertSpaces":true,"cursorStyle":1,"lineNumbers":1}
vicenteaugusto_useche/src/App.tsx: Using EditorConfig core...
vicenteaugusto_useche/src/App.tsx: Using EditorConfig core...
src/App.tsx: Target charset is not set
vicenteaugusto_useche/src/App.tsx: Using EditorConfig core...
vicenteaugusto_useche/src/App.tsx: Using EditorConfig core...
src/App.tsx: Target charset is not set
vicenteaugusto_useche/viWW.ts: {"tabSize":2,"indentSize":2,"insertSpaces":true,"cursorStyle":1,"lineNumbers":1}
vicenteaugusto_useche/viWW.ts: Using EditorConfig core...
viWW.ts: Target charset is not set
vicenteaugusto_useche/src/App.tsx: {"tabSize":2,"indentSize":2,"insertSpaces":true,"cursorStyle":1,"lineNumbers":1}
vicenteaugusto_useche/src/App.tsx: Using EditorConfig core...
src/App.tsx: Target charset is not set
vicenteaugusto_useche/src/App.tsx: Using EditorConfig core...
vicenteaugusto_useche/src/App.tsx: Using EditorConfig core...
src/App.tsx: Target charset is not set
vicenteaugusto_useche/viWW.ts: Using EditorConfig core...
vicenteaugusto_useche/viWW.ts: Using EditorConfig core...
viWW.ts: Target charset is not set
vicenteaugusto_useche/src/App.tsx: Using EditorConfig core...
vicenteaugusto_useche/src/App.tsx: Using EditorConfig core...
src/App.tsx: Target charset is not set
vicenteaugusto_useche/src/App.tsx: {"tabSize":2,"indentSize":2,"insertSpaces":true,"cursorStyle":1,"lineNumbers":1}
vicenteaugusto_useche/src/App.tsx: {"tabSize":2,"indentSize":2,"insertSpaces":true,"cursorStyle":1,"lineNumbers":1}
vicenteaugusto_useche/src/App.tsx: Using EditorConfig core...
vicenteaugusto_useche/src/App.tsx: Using EditorConfig core...
src/App.tsx: Target charset is not set
vicenteaugusto_useche/src/App.tsx: Using EditorConfig core...
vicenteaugusto_useche/src/App.tsx: Using EditorConfig core...
src/App.tsx: Target charset is not set
vicenteaugusto_useche/src/App.tsx: Using EditorConfig core...
vicenteaugusto_useche/src/App.tsx: Using EditorConfig core...
src/App.tsx: Target charset is not set
vicenteaugusto_useche/src/App.tsx: {"tabSize":2,"indentSize":2,"insertSpaces":true,"cursorStyle":1,"lineNumbers":1}
vicenteaugusto_useche/src/App.tsx: {"tabSize":2,"indentSize":2,"insertSpaces":true,"cursorStyle":1,"lineNumbers":1}
vicenteaugusto_useche/viWW.ts: {"tabSize":2,"indentSize":2,"insertSpaces":true,"cursorStyle":1,"lineNumbers":1}
vicenteaugusto_useche/viWW.ts: Using EditorConfig core...
viWW.ts: Target charset is not set
vicenteaugusto_useche/viWW.ts: Using EditorConfig core...
vicenteaugusto_useche/viWW.ts: Using EditorConfig core...
viWW.ts: Target charset is not set
vicenteaugusto_useche/src/App.tsx: Using EditorConfig core...
vicenteaugusto_useche/src/App.tsx: Using EditorConfig core...
src/App.tsx: Target charset is not set
vicenteaugusto_useche/viWW.ts: Using EditorConfig core...
vicenteaugusto_useche/viWW.ts: Using EditorConfig core...
viWW.ts: Target charset is not set
vicenteaugusto_useche/viWW.ts: {"tabSize":2,"indentSize":2,"insertSpaces":true,"cursorStyle":1,"lineNumbers":1}
vicenteaugusto_useche/src/App.tsx: {"tabSize":2,"indentSize":2,"insertSpaces":true,"cursorStyle":1,"lineNumbers":1}
vicenteaugusto_useche/src/App.tsx: Using EditorConfig core...
src/App.tsx: Target charset is not set
vicenteaugusto_useche/src/App.tsx: Using EditorConfig core...
vicenteaugusto_useche/src/App.tsx: Using EditorConfig core...
src/App.tsx: Target charset is not set
vicenteaugusto_useche/src/App.tsx: {"tabSize":2,"indentSize":2,"insertSpaces":true,"cursorStyle":1,"lineNumbers":1}
vicenteaugusto_useche/src/App.tsx: {"tabSize":2,"indentSize":2,"insertSpaces":true,"cursorStyle":1,"lineNumbers":1}
vicenteaugusto_useche/src/App.tsx: Using EditorConfig core...
vicenteaugusto_useche/src/App.tsx: Using EditorConfig core...
src/App.tsx: Target charset is not set
vicenteaugusto_useche/viWW.ts: Using EditorConfig core...
vicenteaugusto_useche/viWW.ts: Using EditorConfig core...
viWW.ts: Target charset is not set
vicenteaugusto_useche/viWW.ts: Using EditorConfig core...
vicenteaugusto_useche/viWW.ts: Using EditorConfig core...
viWW.ts: Target charset is not set
vicenteaugusto_useche/src/App.tsx: {"tabSize":2,"indentSize":2,"insertSpaces":true,"cursorStyle":1,"lineNumbers":1}
vicenteaugusto_useche/src/App.tsx: Using EditorConfig core...
vicenteaugusto_useche/src/App.tsx: Using EditorConfig core...
src/App.tsx: Target charset is not set
vicenteaugusto_useche/src/App.tsx: Using EditorConfig core...
vicenteaugusto_useche/src/App.tsx: Using EditorConfig core...
src/App.tsx: Target charset is not set
vicenteaugusto_useche/src/App.tsx: {"tabSize":2,"indentSize":2,"insertSpaces":true,"cursorStyle":1,"lineNumbers":1}
vicenteaugusto_useche/src/App.tsx: Using EditorConfig core...
vicenteaugusto_useche/src/App.tsx: Using EditorConfig core...
src/App.tsx: Target charset is not set
vicenteaugusto_useche/viWW.ts: {"tabSize":2,"indentSize":2,"insertSpaces":true,"cursorStyle":1,"lineNumbers":1}
vicenteaugusto_useche/viWW.ts: Using EditorConfig core...
viWW.ts: Target charset is not set
vicenteaugusto_useche/src/App.tsx: {"tabSize":2,"indentSize":2,"insertSpaces":true,"cursorStyle":1,"lineNumbers":1}
vicenteaugusto_useche/src/App.tsx: Using EditorConfig core...
src/App.tsx: Target charset is not set
vicenteaugusto_useche/src/App.tsx: Using EditorConfig core...
vicenteaugusto_useche/src/App.tsx: Using EditorConfig core...
src/App.tsx: Target charset is not set
vicenteaugusto_useche/viWW.ts: Using EditorConfig core...
vicenteaugusto_useche/viWW.ts: Using EditorConfig core...
viWW.ts: Target charset is not set
vicenteaugusto_useche/src/App.tsx: Using EditorConfig core...
vicenteaugusto_useche/src/App.tsx: Using EditorConfig core...
src/App.tsx: Target charset is not set
vicenteaugusto_useche/src/App.tsx: Using EditorConfig core...
vicenteaugusto_useche/src/App.tsx: Using EditorConfig core...
src/App.tsx: Target charset is not set
vicenteaugusto_useche/src/App.tsx: Using EditorConfig core...
vicenteaugusto_useche/src/App.tsx: Using EditorConfig core...
src/App.tsx: Target charset is not set
vicenteaugusto_useche/src/App.tsx: Using EditorConfig core...
vicenteaugusto_useche/src/App.tsx: Using EditorConfig core...
src/App.tsx: Target charset is not set
vicenteaugusto_useche/src/App.tsx: {"tabSize":2,"indentSize":2,"insertSpaces":true,"cursorStyle":1,"lineNumbers":1}
vicenteaugusto_useche/src/App.tsx: {"tabSize":2,"indentSize":2,"insertSpaces":true,"cursorStyle":1,"lineNumbers":1}
vicenteaugusto_useche/src/App.tsx: {"tabSize":2,"indentSize":2,"insertSpaces":true,"cursorStyle":1,"lineNumbers":1}
vicenteaugusto_useche/viWW.ts: {"tabSize":2,"indentSize":2,"insertSpaces":true,"cursorStyle":1,"lineNumbers":1}
vicenteaugusto_useche/viWW.ts: Using EditorConfig core...
viWW.ts: Target charset is not set
vicenteaugusto_useche/viWW.ts: Using EditorConfig core...
vicenteaugusto_useche/viWW.ts: Using EditorConfig core...
viWW.ts: Target charset is not set
vicenteaugusto_useche/src/App.tsx: Using EditorConfig core...
vicenteaugusto_useche/src/App.tsx: Using EditorConfig core...
src/App.tsx: Target charset is not set
vicenteaugusto_useche/viWW.ts: Using EditorConfig core...
vicenteaugusto_useche/viWW.ts: Using EditorConfig core...
viWW.ts: Target charset is not set
vicenteaugusto_useche/viWW.ts: {"tabSize":2,"indentSize":2,"insertSpaces":true,"cursorStyle":1,"lineNumbers":1}
vicenteaugusto_useche/node_modules/tsx/dist/register-BOkp8V6j.cjs: {"tabSize":4,"indentSize":4,"insertSpaces":true,"cursorStyle":1,"lineNumbers":1}
vicenteaugusto_useche/node_modules/tsx/dist/register-BOkp8V6j.cjs: Using EditorConfig core...
node_modules/tsx/dist/register-BOkp8V6j.cjs: Target charset is not set
vicenteaugusto_useche/viWW.ts: {"tabSize":2,"indentSize":2,"insertSpaces":true,"cursorStyle":1,"lineNumbers":1}
vicenteaugusto_useche/viWW.ts: Using EditorConfig core...
viWW.ts: Target charset is not set
vicenteaugusto_useche/viWW.ts: {"tabSize":2,"indentSize":2,"insertSpaces":true,"cursorStyle":1,"lineNumbers":1}
vicenteaugusto_useche/viWW.ts: {"tabSize":2,"indentSize":2,"insertSpaces":true,"cursorStyle":1,"lineNumbers":1}
vicenteaugusto_useche/viWW.ts: Using EditorConfig core...
vicenteaugusto_useche/viWW.ts: Using EditorConfig core...
viWW.ts: Target charset is not set
vicenteaugusto_useche/node_modules/tsx/dist/register-BOkp8V6j.cjs: {"tabSize":4,"indentSize":4,"insertSpaces":true,"cursorStyle":1,"lineNumbers":1}
vicenteaugusto_useche/node_modules/tsx/dist/register-BOkp8V6j.cjs: Using EditorConfig core...
node_modules/tsx/dist/register-BOkp8V6j.cjs: Target charset is not set
