Initializing document watcher...
Document watcher initialized
vicenteaugusto_useche/ConectaVacantes/index.html: {"tabSize":2,"indentSize":2,"insertSpaces":true,"cursorStyle":1,"lineNumbers":1}
vicenteaugusto_useche/ConectaVacantes/index.html: Using EditorConfig core...
ConectaVacantes/index.html: Target charset is not set
vicenteaugusto_useche/ConectaVacantes/index.html: {"tabSize":2,"indentSize":2,"insertSpaces":true,"cursorStyle":1,"lineNumbers":1}
vicenteaugusto_useche/ConectaVacantes/index.html: {"tabSize":2,"indentSize":2,"insertSpaces":true,"cursorStyle":1,"lineNumbers":1}
vicenteaugusto_useche/ConectaVacantes/index.html: {"tabSize":2,"indentSize":2,"insertSpaces":true,"cursorStyle":1,"lineNumbers":1}
vicenteaugusto_useche/ConectaVacantes/index.html: {"tabSize":2,"indentSize":2,"insertSpaces":true,"cursorStyle":1,"lineNumbers":1}
vicenteaugusto_useche/ConectaVacantes/index.html: {"tabSize":2,"indentSize":2,"insertSpaces":true,"cursorStyle":1,"lineNumbers":1}
No more open editors.
No more open editors.
No more open editors.
vicenteaugusto_useche/.codeoss/data/User/History/74dbcd07/EXKM.tsx: {"tabSize":2,"indentSize":2,"insertSpaces":true,"cursorStyle":1,"lineNumbers":1}
vicenteaugusto_useche/.codeoss/data/User/History/74dbcd07/EXKM.tsx: Using EditorConfig core...
.codeoss/data/User/History/74dbcd07/EXKM.tsx: Target charset is not set
vicenteaugusto_useche/.codeoss/data/User/History/65c27240/WGAS.ts: {"tabSize":2,"indentSize":2,"insertSpaces":true,"cursorStyle":1,"lineNumbers":1}
vicenteaugusto_useche/.codeoss/data/User/History/65c27240/WGAS.ts: Using EditorConfig core...
.codeoss/data/User/History/65c27240/WGAS.ts: Target charset is not set
vicenteaugusto_useche/.codeoss/data/User/History/65c27240/WGAS.ts: Using EditorConfig core...
vicenteaugusto_useche/.codeoss/data/User/History/65c27240/WGAS.ts: Using EditorConfig core...
.codeoss/data/User/History/65c27240/WGAS.ts: Target charset is not set
vicenteaugusto_useche/.codeoss/data/User/History/65c27240/WGAS.ts: Using EditorConfig core...
vicenteaugusto_useche/.codeoss/data/User/History/65c27240/WGAS.ts: Using EditorConfig core...
.codeoss/data/User/History/65c27240/WGAS.ts: Target charset is not set
vicenteaugusto_useche/.codeoss/data/User/History/74dbcd07/EXKM.tsx: Using EditorConfig core...
vicenteaugusto_useche/.codeoss/data/User/History/74dbcd07/EXKM.tsx: Using EditorConfig core...
.codeoss/data/User/History/74dbcd07/EXKM.tsx: Target charset is not set
vicenteaugusto_useche/.codeoss/data/User/History/74dbcd07/EXKM.tsx: Using EditorConfig core...
vicenteaugusto_useche/.codeoss/data/User/History/74dbcd07/EXKM.tsx: Using EditorConfig core...
.codeoss/data/User/History/74dbcd07/EXKM.tsx: Target charset is not set
No more open editors.
No more open editors.
No more open editors.
No more open editors.
No more open editors.
vicenteaugusto_useche/.codeoss/data/User/History/74dbcd07/EXKM.tsx: {"tabSize":2,"indentSize":2,"insertSpaces":true,"cursorStyle":1,"lineNumbers":1}
vicenteaugusto_useche/.codeoss/data/User/History/74dbcd07/EXKM.tsx: Using EditorConfig core...
.codeoss/data/User/History/74dbcd07/EXKM.tsx: Target charset is not set
vicenteaugusto_useche/.codeoss/data/User/History/6ed08c50/viWW.ts: {"tabSize":2,"indentSize":2,"insertSpaces":true,"cursorStyle":1,"lineNumbers":1}
vicenteaugusto_useche/.codeoss/data/User/History/6ed08c50/viWW.ts: Using EditorConfig core...
.codeoss/data/User/History/6ed08c50/viWW.ts: Target charset is not set
vicenteaugusto_useche/.codeoss/data/User/History/6ed08c50/viWW.ts: Using EditorConfig core...
vicenteaugusto_useche/.codeoss/data/User/History/6ed08c50/viWW.ts: Using EditorConfig core...
.codeoss/data/User/History/6ed08c50/viWW.ts: Target charset is not set
vicenteaugusto_useche/.codeoss/data/User/History/6ed08c50/viWW.ts: Using EditorConfig core...
vicenteaugusto_useche/.codeoss/data/User/History/6ed08c50/viWW.ts: Using EditorConfig core...
.codeoss/data/User/History/6ed08c50/viWW.ts: Target charset is not set
vicenteaugusto_useche/.codeoss/data/User/History/74dbcd07/EXKM.tsx: Using EditorConfig core...
vicenteaugusto_useche/.codeoss/data/User/History/74dbcd07/EXKM.tsx: Using EditorConfig core...
.codeoss/data/User/History/74dbcd07/EXKM.tsx: Target charset is not set
vscode.git.Git.log: {"tabSize":4,"indentSize":4,"insertSpaces":true,"cursorStyle":1,"lineNumbers":0}
vscode.git.Git.log: Using EditorConfig core...
vscode.git.Git.log: Target charset is not set
vicenteaugusto_useche/.codeoss/data/User/History/6ed08c50/viWW.ts: {"tabSize":2,"indentSize":2,"insertSpaces":true,"cursorStyle":1,"lineNumbers":1}
vicenteaugusto_useche/.codeoss/data/User/History/6ed08c50/viWW.ts: Using EditorConfig core...
.codeoss/data/User/History/6ed08c50/viWW.ts: Target charset is not set
vicenteaugusto_useche/.codeoss/data/User/History/74dbcd07/EXKM.tsx: {"tabSize":2,"indentSize":2,"insertSpaces":true,"cursorStyle":1,"lineNumbers":1}
vicenteaugusto_useche/.codeoss/data/User/History/74dbcd07/EXKM.tsx: Using EditorConfig core...
.codeoss/data/User/History/74dbcd07/EXKM.tsx: Target charset is not set
No more open editors.
No more open editors.
No more open editors.
No more open editors.
No more open editors.
No more open editors.
vicenteaugusto_useche/.codeoss/data/User/History/6ed08c50/viWW.ts: {"tabSize":2,"indentSize":2,"insertSpaces":true,"cursorStyle":1,"lineNumbers":1}
vicenteaugusto_useche/.codeoss/data/User/History/6ed08c50/viWW.ts: Using EditorConfig core...
.codeoss/data/User/History/6ed08c50/viWW.ts: Target charset is not set
vscode.git.Git.log: {"tabSize":4,"indentSize":4,"insertSpaces":true,"cursorStyle":1,"lineNumbers":0}
vscode.git.Git.log: Using EditorConfig core...
vscode.git.Git.log: Target charset is not set
vicenteaugusto_useche/.codeoss/data/User/History/6ed08c50/viWW.ts: {"tabSize":2,"indentSize":2,"insertSpaces":true,"cursorStyle":1,"lineNumbers":1}
vicenteaugusto_useche/.codeoss/data/User/History/6ed08c50/viWW.ts: Using EditorConfig core...
.codeoss/data/User/History/6ed08c50/viWW.ts: Target charset is not set
No more open editors.
vicenteaugusto_useche/.codeoss/data/User/History/74dbcd07/EXKM.tsx: {"tabSize":2,"indentSize":2,"insertSpaces":true,"cursorStyle":1,"lineNumbers":1}
vicenteaugusto_useche/.codeoss/data/User/History/74dbcd07/EXKM.tsx: Using EditorConfig core...
.codeoss/data/User/History/74dbcd07/EXKM.tsx: Target charset is not set
vicenteaugusto_useche/.codeoss/data/User/History/6ed08c50/viWW.ts: {"tabSize":2,"indentSize":2,"insertSpaces":true,"cursorStyle":1,"lineNumbers":1}
vicenteaugusto_useche/.codeoss/data/User/History/6ed08c50/viWW.ts: Using EditorConfig core...
.codeoss/data/User/History/6ed08c50/viWW.ts: Target charset is not set
vicenteaugusto_useche/.codeoss/data/User/History/6ed08c50/viWW.ts: Using EditorConfig core...
vicenteaugusto_useche/.codeoss/data/User/History/6ed08c50/viWW.ts: Using EditorConfig core...
.codeoss/data/User/History/6ed08c50/viWW.ts: Target charset is not set
vicenteaugusto_useche/.codeoss/data/User/History/6ed08c50/viWW.ts: Using EditorConfig core...
vicenteaugusto_useche/.codeoss/data/User/History/6ed08c50/viWW.ts: Using EditorConfig core...
.codeoss/data/User/History/6ed08c50/viWW.ts: Target charset is not set
vicenteaugusto_useche/.codeoss/data/User/History/74dbcd07/EXKM.tsx: Using EditorConfig core...
vicenteaugusto_useche/.codeoss/data/User/History/74dbcd07/EXKM.tsx: Using EditorConfig core...
.codeoss/data/User/History/74dbcd07/EXKM.tsx: Target charset is not set
vicenteaugusto_useche/.codeoss/data/User/History/74dbcd07/EXKM.tsx: {}
vicenteaugusto_useche/.codeoss/data/User/History/74dbcd07/EXKM.tsx: {"tabSize":2,"indentSize":2,"insertSpaces":true,"cursorStyle":1,"lineNumbers":1}
vicenteaugusto_useche/.codeoss/data/User/History/74dbcd07/EXKM.tsx: Using EditorConfig core...
.codeoss/data/User/History/74dbcd07/EXKM.tsx: Target charset is not set
vicenteaugusto_useche/.codeoss/data/User/History/6ed08c50/viWW.ts: {"tabSize":2,"indentSize":2,"insertSpaces":true,"cursorStyle":1,"lineNumbers":1}
vicenteaugusto_useche/.codeoss/data/User/History/6ed08c50/viWW.ts: Using EditorConfig core...
.codeoss/data/User/History/6ed08c50/viWW.ts: Target charset is not set
vicenteaugusto_useche/.codeoss/data/User/History/6ed08c50/viWW.ts: {"tabSize":2,"indentSize":2,"insertSpaces":true,"cursorStyle":1,"lineNumbers":1}
vicenteaugusto_useche/.codeoss/data/User/History/6ed08c50/viWW.ts: {"tabSize":2,"indentSize":2,"insertSpaces":true,"cursorStyle":1,"lineNumbers":1}
vicenteaugusto_useche/.codeoss/data/User/History/6ed08c50/viWW.ts: {"tabSize":2,"indentSize":2,"insertSpaces":true,"cursorStyle":1,"lineNumbers":1}
vicenteaugusto_useche/.codeoss/data/User/History/74dbcd07/EXKM.tsx: {"tabSize":2,"indentSize":2,"insertSpaces":true,"cursorStyle":1,"lineNumbers":1}
vicenteaugusto_useche/.codeoss/data/User/History/74dbcd07/EXKM.tsx: Using EditorConfig core...
.codeoss/data/User/History/74dbcd07/EXKM.tsx: Target charset is not set
vicenteaugusto_useche/.codeoss/data/User/History/6ed08c50/viWW.ts: {"tabSize":2,"indentSize":2,"insertSpaces":true,"cursorStyle":1,"lineNumbers":1}
vicenteaugusto_useche/.codeoss/data/User/History/6ed08c50/viWW.ts: Using EditorConfig core...
.codeoss/data/User/History/6ed08c50/viWW.ts: Target charset is not set
vicenteaugusto_useche/.codeoss/data/User/History/74dbcd07/EXKM.tsx: {"tabSize":2,"indentSize":2,"insertSpaces":true,"cursorStyle":1,"lineNumbers":1}
vicenteaugusto_useche/.codeoss/data/User/History/74dbcd07/EXKM.tsx: Using EditorConfig core...
.codeoss/data/User/History/74dbcd07/EXKM.tsx: Target charset is not set
vicenteaugusto_useche/.codeoss/data/User/History/74dbcd07/EXKM.tsx: Using EditorConfig core...
vicenteaugusto_useche/.codeoss/data/User/History/74dbcd07/EXKM.tsx: Using EditorConfig core...
.codeoss/data/User/History/74dbcd07/EXKM.tsx: Target charset is not set
vicenteaugusto_useche/.codeoss/data/User/History/6ed08c50/viWW.ts: Using EditorConfig core...
vicenteaugusto_useche/.codeoss/data/User/History/6ed08c50/viWW.ts: Using EditorConfig core...
.codeoss/data/User/History/6ed08c50/viWW.ts: Target charset is not set
vicenteaugusto_useche/.codeoss/data/User/History/74dbcd07/EXKM.tsx: Using EditorConfig core...
vicenteaugusto_useche/.codeoss/data/User/History/74dbcd07/EXKM.tsx: Using EditorConfig core...
No more open editors.
vicenteaugusto_useche/.codeoss/data/User/History/6ed08c50/viWW.ts: Using EditorConfig core...
.codeoss/data/User/History/74dbcd07/EXKM.tsx: Target charset is not set
.codeoss/data/User/History/6ed08c50/viWW.ts: Target charset is not set
vicenteaugusto_useche/.codeoss/data/User/History/74dbcd07/EXKM.tsx: {"tabSize":2,"indentSize":2,"insertSpaces":true,"cursorStyle":1,"lineNumbers":1}
vicenteaugusto_useche/.codeoss/data/User/History/74dbcd07/EXKM.tsx: Using EditorConfig core...
.codeoss/data/User/History/74dbcd07/EXKM.tsx: Target charset is not set
vicenteaugusto_useche/.codeoss/data/User/History/74dbcd07/EXKM.tsx: Using EditorConfig core...
vicenteaugusto_useche/.codeoss/data/User/History/74dbcd07/EXKM.tsx: Using EditorConfig core...
.codeoss/data/User/History/74dbcd07/EXKM.tsx: Target charset is not set
vicenteaugusto_useche/.vscode/launch.json: {"tabSize":4,"indentSize":4,"insertSpaces":true,"cursorStyle":1,"lineNumbers":1}
vicenteaugusto_useche/.vscode/launch.json: Using EditorConfig core...
.vscode/launch.json: Target charset is not set
No more open editors.
No more open editors.
No more open editors.
No more open editors.
vicenteaugusto_useche/.codeoss/data/User/History/74dbcd07/EXKM.tsx: {"tabSize":2,"indentSize":2,"insertSpaces":true,"cursorStyle":1,"lineNumbers":1}
vicenteaugusto_useche/.codeoss/data/User/History/74dbcd07/EXKM.tsx: Using EditorConfig core...
.codeoss/data/User/History/74dbcd07/EXKM.tsx: Target charset is not set
vicenteaugusto_useche/.codeoss/data/User/History/6ed08c50/viWW.ts: {"tabSize":2,"indentSize":2,"insertSpaces":true,"cursorStyle":1,"lineNumbers":1}
vicenteaugusto_useche/.codeoss/data/User/History/6ed08c50/viWW.ts: Using EditorConfig core...
.codeoss/data/User/History/6ed08c50/viWW.ts: Target charset is not set
vicenteaugusto_useche/.codeoss/data/User/History/6ed08c50/viWW.ts: Using EditorConfig core...
vicenteaugusto_useche/.codeoss/data/User/History/6ed08c50/viWW.ts: Using EditorConfig core...
.codeoss/data/User/History/6ed08c50/viWW.ts: Target charset is not set
vicenteaugusto_useche/.codeoss/data/User/History/6ed08c50/viWW.ts: Using EditorConfig core...
vicenteaugusto_useche/.codeoss/data/User/History/6ed08c50/viWW.ts: Using EditorConfig core...
.codeoss/data/User/History/6ed08c50/viWW.ts: Target charset is not set
vicenteaugusto_useche/.codeoss/data/User/History/74dbcd07/EXKM.tsx: Using EditorConfig core...
vicenteaugusto_useche/.codeoss/data/User/History/74dbcd07/EXKM.tsx: Using EditorConfig core...
.codeoss/data/User/History/74dbcd07/EXKM.tsx: Target charset is not set
vicenteaugusto_useche/.codeoss/data/User/History/74dbcd07/EXKM.tsx: {"tabSize":2,"indentSize":2,"insertSpaces":true,"cursorStyle":1,"lineNumbers":1}
vicenteaugusto_useche/.codeoss/data/User/History/74dbcd07/EXKM.tsx: Using EditorConfig core...
.codeoss/data/User/History/74dbcd07/EXKM.tsx: Target charset is not set
vicenteaugusto_useche/.codeoss/data/User/History/74dbcd07/EXKM.tsx: {"tabSize":2,"indentSize":2,"insertSpaces":true,"cursorStyle":1,"lineNumbers":1}
vicenteaugusto_useche/.codeoss/data/User/History/6ed08c50/viWW.ts: {"tabSize":2,"indentSize":2,"insertSpaces":true,"cursorStyle":1,"lineNumbers":1}
vicenteaugusto_useche/.codeoss/data/User/History/6ed08c50/viWW.ts: Using EditorConfig core...
.codeoss/data/User/History/6ed08c50/viWW.ts: Target charset is not set
vicenteaugusto_useche/.codeoss/data/User/History/74dbcd07/EXKM.tsx: {"tabSize":2,"indentSize":2,"insertSpaces":true,"cursorStyle":1,"lineNumbers":1}
vicenteaugusto_useche/.codeoss/data/User/History/74dbcd07/EXKM.tsx: Using EditorConfig core...
.codeoss/data/User/History/74dbcd07/EXKM.tsx: Target charset is not set
vicenteaugusto_useche/.codeoss/data/User/History/6ed08c50/viWW.ts: Using EditorConfig core...
vicenteaugusto_useche/.codeoss/data/User/History/6ed08c50/viWW.ts: Using EditorConfig core...
.codeoss/data/User/History/6ed08c50/viWW.ts: Target charset is not set
vicenteaugusto_useche/.codeoss/data/User/History/74dbcd07/EXKM.tsx: Using EditorConfig core...
vicenteaugusto_useche/.codeoss/data/User/History/74dbcd07/EXKM.tsx: Using EditorConfig core...
.codeoss/data/User/History/74dbcd07/EXKM.tsx: Target charset is not set
vicenteaugusto_useche/.codeoss/data/User/History/6ed08c50/viWW.ts: {"tabSize":2,"indentSize":2,"insertSpaces":true,"cursorStyle":1,"lineNumbers":1}
vicenteaugusto_useche/.codeoss/data/User/History/6ed08c50/viWW.ts: {"tabSize":2,"indentSize":2,"insertSpaces":true,"cursorStyle":1,"lineNumbers":1}
vicenteaugusto_useche/.codeoss/data/User/History/6ed08c50/viWW.ts: Using EditorConfig core...
.codeoss/data/User/History/6ed08c50/viWW.ts: Target charset is not set
vicenteaugusto_useche/.codeoss/data/User/History/74dbcd07/EXKM.tsx: {"tabSize":2,"indentSize":2,"insertSpaces":true,"cursorStyle":1,"lineNumbers":1}
vicenteaugusto_useche/.codeoss/data/User/History/74dbcd07/EXKM.tsx: Using EditorConfig core...
.codeoss/data/User/History/74dbcd07/EXKM.tsx: Target charset is not set
vicenteaugusto_useche/.codeoss/data/User/History/74dbcd07/EXKM.tsx: {"tabSize":2,"indentSize":2,"insertSpaces":true,"cursorStyle":1,"lineNumbers":1}
vicenteaugusto_useche/.codeoss/data/User/History/74dbcd07/EXKM.tsx: {"tabSize":2,"indentSize":2,"insertSpaces":true,"cursorStyle":1,"lineNumbers":1}
vicenteaugusto_useche/.codeoss/data/User/History/74dbcd07/EXKM.tsx: {"tabSize":2,"indentSize":2,"insertSpaces":true,"cursorStyle":1,"lineNumbers":1}
vicenteaugusto_useche/.codeoss/data/User/History/74dbcd07/EXKM.tsx: Using EditorConfig core...
vicenteaugusto_useche/.codeoss/data/User/History/74dbcd07/EXKM.tsx: Using EditorConfig core...
.codeoss/data/User/History/74dbcd07/EXKM.tsx: Target charset is not set
vicenteaugusto_useche/.codeoss/data/User/History/74dbcd07/EXKM.tsx: Using EditorConfig core...
vicenteaugusto_useche/.codeoss/data/User/History/74dbcd07/EXKM.tsx: Using EditorConfig core...
.codeoss/data/User/History/74dbcd07/EXKM.tsx: Target charset is not set
vicenteaugusto_useche/.codeoss/data/User/History/74dbcd07/EXKM.tsx: {"tabSize":2,"indentSize":2,"insertSpaces":true,"cursorStyle":1,"lineNumbers":1}
vicenteaugusto_useche/ConectaVacantes/api/createApp.ts: {"tabSize":2,"indentSize":2,"insertSpaces":true,"cursorStyle":1,"lineNumbers":1}
vicenteaugusto_useche/ConectaVacantes/api/createApp.ts: Using EditorConfig core...
ConectaVacantes/api/createApp.ts: Target charset is not set
vicenteaugusto_useche/ConectaVacantes/dist/index.html: {"tabSize":2,"indentSize":2,"insertSpaces":true,"cursorStyle":1,"lineNumbers":1}
vicenteaugusto_useche/ConectaVacantes/dist/index.html: Using EditorConfig core...
ConectaVacantes/dist/index.html: Target charset is not set
vicenteaugusto_useche/ConectaVacantes/dist/index.html: Using EditorConfig core...
vicenteaugusto_useche/ConectaVacantes/dist/index.html: Using EditorConfig core...
ConectaVacantes/dist/index.html: Target charset is not set
vicenteaugusto_useche/ConectaVacantes/dist/index.html: Using EditorConfig core...
vicenteaugusto_useche/ConectaVacantes/dist/index.html: Using EditorConfig core...
ConectaVacantes/dist/index.html: Target charset is not set
vicenteaugusto_useche/ConectaVacantes/dist/index.html: {"tabSize":2,"indentSize":2,"insertSpaces":true,"cursorStyle":1,"lineNumbers":1}
vicenteaugusto_useche/ConectaVacantes/dist/index.html: Using EditorConfig core...
ConectaVacantes/dist/index.html: Target charset is not set
vicenteaugusto_useche/ConectaVacantes/dist/assets/index.es-BCYRAosY.js: {"tabSize":4,"indentSize":4,"insertSpaces":true,"cursorStyle":1,"lineNumbers":1}
vicenteaugusto_useche/ConectaVacantes/dist/assets/index.es-BCYRAosY.js: Using EditorConfig core...
ConectaVacantes/dist/assets/index.es-BCYRAosY.js: Target charset is not set
vicenteaugusto_useche/ConectaVacantes/dist/assets/html2canvas.esm-QH1iLAAe.js: {"tabSize":4,"indentSize":4,"insertSpaces":true,"cursorStyle":1,"lineNumbers":1}
vicenteaugusto_useche/ConectaVacantes/dist/assets/html2canvas.esm-QH1iLAAe.js: Using EditorConfig core...
ConectaVacantes/dist/assets/html2canvas.esm-QH1iLAAe.js: Target charset is not set
vicenteaugusto_useche/ConectaVacantes/dist/assets/index.es-BCYRAosY.js: {"tabSize":4,"indentSize":4,"insertSpaces":true,"cursorStyle":1,"lineNumbers":1}
vicenteaugusto_useche/ConectaVacantes/dist/assets/index.es-BCYRAosY.js: Using EditorConfig core...
ConectaVacantes/dist/assets/index.es-BCYRAosY.js: Target charset is not set
vicenteaugusto_useche/ConectaVacantes/dist/assets/index.es-BCYRAosY.js: {"tabSize":4,"indentSize":4,"insertSpaces":true,"cursorStyle":1,"lineNumbers":1}
vicenteaugusto_useche/ConectaVacantes/dist/assets/index.es-BCYRAosY.js: {"tabSize":4,"indentSize":4,"insertSpaces":true,"cursorStyle":1,"lineNumbers":1}
vicenteaugusto_useche/ConectaVacantes/.codeoss/data/User/History/65c27240/RZqs.ts: {"tabSize":2,"indentSize":2,"insertSpaces":true,"cursorStyle":1,"lineNumbers":1}
vicenteaugusto_useche/ConectaVacantes/.codeoss/data/User/History/65c27240/RZqs.ts: Using EditorConfig core...
vicenteaugusto_useche/ConectaVacantes/.codeoss/data/User/History/65c27240/RZqs.ts: {"tabSize":2,"indentSize":2,"insertSpaces":true,"cursorStyle":1,"lineNumbers":1}
ConectaVacantes/.codeoss/data/User/History/65c27240/RZqs.ts: Target charset is not set
vicenteaugusto_useche/.codeoss/data/User/History/74dbcd07/EXKM.tsx: {"tabSize":2,"indentSize":2,"insertSpaces":true,"cursorStyle":1,"lineNumbers":1}
vicenteaugusto_useche/.codeoss/data/User/History/74dbcd07/EXKM.tsx: Using EditorConfig core...
.codeoss/data/User/History/74dbcd07/EXKM.tsx: Target charset is not set
vicenteaugusto_useche/.codeoss/data/User/History/74dbcd07/EXKM.tsx: Using EditorConfig core...
vicenteaugusto_useche/.codeoss/data/User/History/74dbcd07/EXKM.tsx: Using EditorConfig core...
.codeoss/data/User/History/74dbcd07/EXKM.tsx: Target charset is not set
vicenteaugusto_useche/.codeoss/data/User/History/74dbcd07/EXKM.tsx: Using EditorConfig core...
vicenteaugusto_useche/.codeoss/data/User/History/74dbcd07/EXKM.tsx: Using EditorConfig core...
.codeoss/data/User/History/74dbcd07/EXKM.tsx: Target charset is not set
vicenteaugusto_useche/ConectaVacantes/.codeoss/data/User/History/65c27240/RZqs.ts: Using EditorConfig core...
vicenteaugusto_useche/ConectaVacantes/.codeoss/data/User/History/65c27240/RZqs.ts: Using EditorConfig core...
vicenteaugusto_useche/.codeoss/data/User/History/74dbcd07/EXKM.tsx: {"tabSize":2,"indentSize":2,"insertSpaces":true,"cursorStyle":1,"lineNumbers":1}
ConectaVacantes/.codeoss/data/User/History/65c27240/RZqs.ts: Target charset is not set
vicenteaugusto_useche/.codeoss/data/User/History/74dbcd07/EXKM.tsx: {"tabSize":2,"indentSize":2,"insertSpaces":true,"cursorStyle":1,"lineNumbers":1}
vicenteaugusto_useche/ConectaVacantes/.codeoss/data/User/History/65c27240/RZqs.ts: {"tabSize":2,"indentSize":2,"insertSpaces":true,"cursorStyle":1,"lineNumbers":1}
vicenteaugusto_useche/ConectaVacantes/.codeoss/data/User/History/65c27240/RZqs.ts: Using EditorConfig core...
ConectaVacantes/.codeoss/data/User/History/65c27240/RZqs.ts: Target charset is not set
vicenteaugusto_useche/.codeoss/data/User/History/74dbcd07/EXKM.tsx: {"tabSize":2,"indentSize":2,"insertSpaces":true,"cursorStyle":1,"lineNumbers":1}
vicenteaugusto_useche/.codeoss/data/User/History/74dbcd07/EXKM.tsx: Using EditorConfig core...
.codeoss/data/User/History/74dbcd07/EXKM.tsx: Target charset is not set
vicenteaugusto_useche/.codeoss/data/User/History/74dbcd07/EXKM.tsx: {"tabSize":2,"indentSize":2,"insertSpaces":true,"cursorStyle":1,"lineNumbers":1}
vicenteaugusto_useche/.codeoss/data/User/History/74dbcd07/EXKM.tsx: {"tabSize":2,"indentSize":2,"insertSpaces":true,"cursorStyle":1,"lineNumbers":1}
vicenteaugusto_useche/.codeoss/data/User/History/74dbcd07/EXKM.tsx: {"tabSize":2,"indentSize":2,"insertSpaces":true,"cursorStyle":1,"lineNumbers":1}
vicenteaugusto_useche/ConectaVacantes/dist/assets/index.es-BCYRAosY.js: {"tabSize":4,"indentSize":4,"insertSpaces":true,"cursorStyle":1,"lineNumbers":1}
vicenteaugusto_useche/ConectaVacantes/dist/assets/index.es-BCYRAosY.js: Using EditorConfig core...
vicenteaugusto_useche/ConectaVacantes/dist/assets/index.es-BCYRAosY.js: {}
ConectaVacantes/dist/assets/index.es-BCYRAosY.js: Target charset is not set
vicenteaugusto_useche/.codeoss/data/User/History/74dbcd07/EXKM.tsx: {"tabSize":2,"indentSize":2,"insertSpaces":true,"cursorStyle":1,"lineNumbers":1}
vicenteaugusto_useche/.codeoss/data/User/History/74dbcd07/EXKM.tsx: Using EditorConfig core...
.codeoss/data/User/History/74dbcd07/EXKM.tsx: Target charset is not set
No more open editors.
vicenteaugusto_useche/ConectaVacantes/.codeoss/data/User/History/65c27240/RZqs.ts: {"tabSize":2,"indentSize":2,"insertSpaces":true,"cursorStyle":1,"lineNumbers":1}
vicenteaugusto_useche/ConectaVacantes/.codeoss/data/User/History/65c27240/RZqs.ts: Using EditorConfig core...
ConectaVacantes/.codeoss/data/User/History/65c27240/RZqs.ts: Target charset is not set
vicenteaugusto_useche/.codeoss/data/User/History/74dbcd07/EXKM.tsx: {"tabSize":2,"indentSize":2,"insertSpaces":true,"cursorStyle":1,"lineNumbers":1}
vicenteaugusto_useche/.codeoss/data/User/History/74dbcd07/EXKM.tsx: Using EditorConfig core...
.codeoss/data/User/History/74dbcd07/EXKM.tsx: Target charset is not set
vicenteaugusto_useche/.codeoss/data/User/History/74dbcd07/EXKM.tsx: Using EditorConfig core...
vicenteaugusto_useche/.codeoss/data/User/History/74dbcd07/EXKM.tsx: Using EditorConfig core...
.codeoss/data/User/History/74dbcd07/EXKM.tsx: Target charset is not set
vicenteaugusto_useche/.codeoss/data/User/History/74dbcd07/EXKM.tsx: Using EditorConfig core...
vicenteaugusto_useche/.codeoss/data/User/History/74dbcd07/EXKM.tsx: Using EditorConfig core...
.codeoss/data/User/History/74dbcd07/EXKM.tsx: Target charset is not set
vicenteaugusto_useche/ConectaVacantes/.codeoss/data/User/History/65c27240/RZqs.ts: Using EditorConfig core...
vicenteaugusto_useche/ConectaVacantes/.codeoss/data/User/History/65c27240/RZqs.ts: Using EditorConfig core...
ConectaVacantes/.codeoss/data/User/History/65c27240/RZqs.ts: Target charset is not set
vicenteaugusto_useche/ConectaVacantes/.codeoss/data/User/History/65c27240/RZqs.ts: Using EditorConfig core...
vicenteaugusto_useche/ConectaVacantes/.codeoss/data/User/History/65c27240/RZqs.ts: Using EditorConfig core...
ConectaVacantes/.codeoss/data/User/History/65c27240/RZqs.ts: Target charset is not set
vicenteaugusto_useche/ConectaVacantes/.codeoss/data/User/History/65c27240/RZqs.ts: {"tabSize":2,"indentSize":2,"insertSpaces":true,"cursorStyle":1,"lineNumbers":1}
vicenteaugusto_useche/ConectaVacantes/.codeoss/data/User/History/65c27240/RZqs.ts: Using EditorConfig core...
ConectaVacantes/.codeoss/data/User/History/65c27240/RZqs.ts: Target charset is not set
No more open editors.
No more open editors.
No more open editors.
vicenteaugusto_useche/ConectaVacantes/api/createApp.ts: {"tabSize":2,"indentSize":2,"insertSpaces":true,"cursorStyle":1,"lineNumbers":1}
vicenteaugusto_useche/ConectaVacantes/api/createApp.ts: Using EditorConfig core...
ConectaVacantes/api/createApp.ts: Target charset is not set
vicenteaugusto_useche/ConectaVacantes/api/createApp.ts: {"tabSize":2,"indentSize":2,"insertSpaces":true,"cursorStyle":1,"lineNumbers":1}
vicenteaugusto_useche/ConectaVacantes/.codeoss/data/User/History/65c27240/RZqs.ts: {"tabSize":2,"indentSize":2,"insertSpaces":true,"cursorStyle":1,"lineNumbers":1}
vicenteaugusto_useche/ConectaVacantes/.codeoss/data/User/History/65c27240/RZqs.ts: Using EditorConfig core...
ConectaVacantes/.codeoss/data/User/History/65c27240/RZqs.ts: Target charset is not set
vicenteaugusto_useche/.codeoss/data/User/History/74dbcd07/EXKM.tsx: {"tabSize":2,"indentSize":2,"insertSpaces":true,"cursorStyle":1,"lineNumbers":1}
vicenteaugusto_useche/.codeoss/data/User/History/74dbcd07/EXKM.tsx: Using EditorConfig core...
.codeoss/data/User/History/74dbcd07/EXKM.tsx: Target charset is not set
vicenteaugusto_useche/.codeoss/data/User/History/74dbcd07/EXKM.tsx: Using EditorConfig core...
vicenteaugusto_useche/.codeoss/data/User/History/74dbcd07/EXKM.tsx: Using EditorConfig core...
.codeoss/data/User/History/74dbcd07/EXKM.tsx: Target charset is not set
vicenteaugusto_useche/.codeoss/data/User/History/74dbcd07/EXKM.tsx: Using EditorConfig core...
vicenteaugusto_useche/.codeoss/data/User/History/74dbcd07/EXKM.tsx: Using EditorConfig core...
.codeoss/data/User/History/74dbcd07/EXKM.tsx: Target charset is not set
vicenteaugusto_useche/ConectaVacantes/.codeoss/data/User/History/65c27240/RZqs.ts: Using EditorConfig core...
vicenteaugusto_useche/ConectaVacantes/.codeoss/data/User/History/65c27240/RZqs.ts: Using EditorConfig core...
ConectaVacantes/.codeoss/data/User/History/65c27240/RZqs.ts: Target charset is not set
vicenteaugusto_useche/ConectaVacantes/.codeoss/data/User/History/65c27240/RZqs.ts: Using EditorConfig core...
vicenteaugusto_useche/ConectaVacantes/.codeoss/data/User/History/65c27240/RZqs.ts: Using EditorConfig core...
ConectaVacantes/.codeoss/data/User/History/65c27240/RZqs.ts: Target charset is not set
vicenteaugusto_useche/.codeoss/data/User/History/74dbcd07/EXKM.tsx: {"tabSize":2,"indentSize":2,"insertSpaces":true,"cursorStyle":1,"lineNumbers":1}
vicenteaugusto_useche/.codeoss/data/User/History/74dbcd07/EXKM.tsx: {"tabSize":2,"indentSize":2,"insertSpaces":true,"cursorStyle":1,"lineNumbers":1}
vicenteaugusto_useche/.codeoss/data/User/History/74dbcd07/EXKM.tsx: {"tabSize":2,"indentSize":2,"insertSpaces":true,"cursorStyle":1,"lineNumbers":1}
vicenteaugusto_useche/.codeoss/data/User/History/74dbcd07/EXKM.tsx: {"tabSize":2,"indentSize":2,"insertSpaces":true,"cursorStyle":1,"lineNumbers":1}
vicenteaugusto_useche/.codeoss/data/User/History/74dbcd07/EXKM.tsx: {"tabSize":2,"indentSize":2,"insertSpaces":true,"cursorStyle":1,"lineNumbers":1}
vicenteaugusto_useche/.codeoss/data/User/History/74dbcd07/EXKM.tsx: {"tabSize":2,"indentSize":2,"insertSpaces":true,"cursorStyle":1,"lineNumbers":1}
vicenteaugusto_useche/.codeoss/data/User/History/74dbcd07/EXKM.tsx: {"tabSize":2,"indentSize":2,"insertSpaces":true,"cursorStyle":1,"lineNumbers":1}
vicenteaugusto_useche/ConectaVacantes/.codeoss/data/User/History/65c27240/RZqs.ts: {"tabSize":2,"indentSize":2,"insertSpaces":true,"cursorStyle":1,"lineNumbers":1}
vicenteaugusto_useche/ConectaVacantes/.codeoss/data/User/History/65c27240/RZqs.ts: Using EditorConfig core...
ConectaVacantes/.codeoss/data/User/History/65c27240/RZqs.ts: Target charset is not set
vicenteaugusto_useche/ConectaVacantes/api/createApp.ts: {"tabSize":2,"indentSize":2,"insertSpaces":true,"cursorStyle":1,"lineNumbers":1}
vicenteaugusto_useche/ConectaVacantes/api/createApp.ts: Using EditorConfig core...
ConectaVacantes/api/createApp.ts: Target charset is not set
vicenteaugusto_useche/ConectaVacantes/api/createApp.ts: {"tabSize":2,"indentSize":2,"insertSpaces":true,"cursorStyle":1,"lineNumbers":1}
vicenteaugusto_useche/ConectaVacantes/api/createApp.ts: Using EditorConfig core...
ConectaVacantes/api/createApp.ts: Target charset is not set
vicenteaugusto_useche/ConectaVacantes/dist/assets/html2canvas.esm-QH1iLAAe.js: {"tabSize":4,"indentSize":4,"insertSpaces":true,"cursorStyle":1,"lineNumbers":1}
vicenteaugusto_useche/ConectaVacantes/dist/assets/html2canvas.esm-QH1iLAAe.js: Using EditorConfig core...
ConectaVacantes/dist/assets/html2canvas.esm-QH1iLAAe.js: Target charset is not set
vicenteaugusto_useche/ConectaVacantes/dist/assets/index-BgiebkOb.js: {"tabSize":2,"indentSize":2,"insertSpaces":true,"cursorStyle":1,"lineNumbers":1}
vicenteaugusto_useche/ConectaVacantes/dist/assets/index-BgiebkOb.js: Using EditorConfig core...
ConectaVacantes/dist/assets/index-BgiebkOb.js: Target charset is not set
vicenteaugusto_useche/ConectaVacantes/dist/assets/html2canvas.esm-QH1iLAAe.js: {"tabSize":4,"indentSize":4,"insertSpaces":true,"cursorStyle":1,"lineNumbers":1}
vicenteaugusto_useche/ConectaVacantes/dist/assets/html2canvas.esm-QH1iLAAe.js: Using EditorConfig core...
ConectaVacantes/dist/assets/html2canvas.esm-QH1iLAAe.js: Target charset is not set
vicenteaugusto_useche/ConectaVacantes/dist/assets/index-BgiebkOb.js: {"tabSize":2,"indentSize":2,"insertSpaces":true,"cursorStyle":1,"lineNumbers":1}
vicenteaugusto_useche/ConectaVacantes/dist/assets/index-BgiebkOb.js: Using EditorConfig core...
ConectaVacantes/dist/assets/index-BgiebkOb.js: Target charset is not set
vicenteaugusto_useche/.codeoss/data/User/History/103b0847/8fcO.ts: {"tabSize":2,"indentSize":2,"insertSpaces":true,"cursorStyle":1,"lineNumbers":1}
vicenteaugusto_useche/.codeoss/data/User/History/103b0847/8fcO.ts: Using EditorConfig core...
.codeoss/data/User/History/103b0847/8fcO.ts: Target charset is not set
vicenteaugusto_useche/.codeoss/data/User/History/103b0847/8fcO.ts: Using EditorConfig core...
vicenteaugusto_useche/.codeoss/data/User/History/103b0847/8fcO.ts: Using EditorConfig core...
.codeoss/data/User/History/103b0847/8fcO.ts: Target charset is not set
vicenteaugusto_useche/.codeoss/data/User/History/103b0847/8fcO.ts: Using EditorConfig core...
vicenteaugusto_useche/.codeoss/data/User/History/103b0847/8fcO.ts: Using EditorConfig core...
.codeoss/data/User/History/103b0847/8fcO.ts: Target charset is not set
vicenteaugusto_useche/.codeoss/data/User/History/103b0847/8fcO.ts: {"tabSize":2,"indentSize":2,"insertSpaces":true,"cursorStyle":1,"lineNumbers":1}
vicenteaugusto_useche/.codeoss/data/User/History/103b0847/8fcO.ts: {"tabSize":2,"indentSize":2,"insertSpaces":true,"cursorStyle":1,"lineNumbers":1}
vicenteaugusto_useche/ConectaVacantes/dist/assets/index-BgiebkOb.js: {"tabSize":2,"indentSize":2,"insertSpaces":true,"cursorStyle":1,"lineNumbers":1}
vicenteaugusto_useche/ConectaVacantes/dist/assets/index-BgiebkOb.js: Using EditorConfig core...
ConectaVacantes/dist/assets/index-BgiebkOb.js: Target charset is not set
vicenteaugusto_useche/.codeoss/data/User/History/103b0847/8fcO.ts: {"tabSize":2,"indentSize":2,"insertSpaces":true,"cursorStyle":1,"lineNumbers":1}
vicenteaugusto_useche/.codeoss/data/User/History/103b0847/8fcO.ts: Using EditorConfig core...
.codeoss/data/User/History/103b0847/8fcO.ts: Target charset is not set
vicenteaugusto_useche/.codeoss/data/User/History/103b0847/8fcO.ts: Using EditorConfig core...
vicenteaugusto_useche/.codeoss/data/User/History/103b0847/8fcO.ts: Using EditorConfig core...
.codeoss/data/User/History/103b0847/8fcO.ts: Target charset is not set
vicenteaugusto_useche/.codeoss/data/User/History/103b0847/8fcO.ts: Using EditorConfig core...
vicenteaugusto_useche/.codeoss/data/User/History/103b0847/8fcO.ts: Using EditorConfig core...
.codeoss/data/User/History/103b0847/8fcO.ts: Target charset is not set
vicenteaugusto_useche/.codeoss/data/User/History/103b0847/8fcO.ts: {"tabSize":2,"indentSize":2,"insertSpaces":true,"cursorStyle":1,"lineNumbers":1}
vicenteaugusto_useche/.codeoss/data/User/History/103b0847/8fcO.ts: {"tabSize":2,"indentSize":2,"insertSpaces":true,"cursorStyle":1,"lineNumbers":1}
vicenteaugusto_useche/.codeoss/data/User/History/103b0847/8fcO.ts: {"tabSize":2,"indentSize":2,"insertSpaces":true,"cursorStyle":1,"lineNumbers":1}
vicenteaugusto_useche/.codeoss/data/User/History/103b0847/8fcO.ts: Using EditorConfig core...
vicenteaugusto_useche/.codeoss/data/User/History/103b0847/8fcO.ts: Using EditorConfig core...
.codeoss/data/User/History/103b0847/8fcO.ts: Target charset is not set
vicenteaugusto_useche/.codeoss/data/User/History/103b0847/8fcO.ts: Using EditorConfig core...
vicenteaugusto_useche/.codeoss/data/User/History/103b0847/8fcO.ts: Using EditorConfig core...
.codeoss/data/User/History/103b0847/8fcO.ts: Target charset is not set
vicenteaugusto_useche/.codeoss/data/User/History/103b0847/8fcO.ts: {"tabSize":2,"indentSize":2,"insertSpaces":true,"cursorStyle":1,"lineNumbers":1}
vicenteaugusto_useche/.codeoss/data/User/History/103b0847/8fcO.ts: {"tabSize":2,"indentSize":2,"insertSpaces":true,"cursorStyle":1,"lineNumbers":1}
vicenteaugusto_useche/.codeoss/data/User/History/103b0847/8fcO.ts: {"tabSize":2,"indentSize":2,"insertSpaces":true,"cursorStyle":1,"lineNumbers":1}
vicenteaugusto_useche/.codeoss/data/User/History/103b0847/8fcO.ts: {"tabSize":2,"indentSize":2,"insertSpaces":true,"cursorStyle":1,"lineNumbers":1}
vicenteaugusto_useche/ConectaVacantes/Dockerfile: {"tabSize":4,"indentSize":4,"insertSpaces":true,"cursorStyle":1,"lineNumbers":1}
vicenteaugusto_useche/ConectaVacantes/Dockerfile: Using EditorConfig core...
ConectaVacantes/Dockerfile: Target charset is not set
vicenteaugusto_useche/ConectaVacantes/cloudbuild.yaml: {"tabSize":2,"indentSize":2,"insertSpaces":true,"cursorStyle":1,"lineNumbers":1}
vicenteaugusto_useche/ConectaVacantes/cloudbuild.yaml: Using EditorConfig core...
ConectaVacantes/cloudbuild.yaml: Target charset is not set
vicenteaugusto_useche/ConectaVacantes/.dockerignore: {"tabSize":4,"indentSize":4,"insertSpaces":true,"cursorStyle":1,"lineNumbers":1}
vicenteaugusto_useche/ConectaVacantes/.dockerignore: Using EditorConfig core...
ConectaVacantes/.dockerignore: Target charset is not set
vicenteaugusto_useche/ConectaVacantes/.dockerignore: Using EditorConfig core...
vicenteaugusto_useche/.codeoss/data/User/History/103b0847/8fcO.ts: Using EditorConfig core...
vicenteaugusto_useche/ConectaVacantes/.dockerignore: Using EditorConfig core...
ConectaVacantes/.dockerignore: Target charset is not set
vicenteaugusto_useche/.codeoss/data/User/History/103b0847/8fcO.ts: Using EditorConfig core...
.codeoss/data/User/History/103b0847/8fcO.ts: Target charset is not set
vicenteaugusto_useche/ConectaVacantes/Dockerfile: Using EditorConfig core...
vicenteaugusto_useche/ConectaVacantes/.dockerignore: Using EditorConfig core...
vicenteaugusto_useche/ConectaVacantes/Dockerfile: Using EditorConfig core...
vicenteaugusto_useche/ConectaVacantes/.dockerignore: Using EditorConfig core...
ConectaVacantes/Dockerfile: Target charset is not set
ConectaVacantes/.dockerignore: Target charset is not set
vicenteaugusto_useche/ConectaVacantes/Dockerfile: {"tabSize":4,"indentSize":4,"insertSpaces":true,"cursorStyle":1,"lineNumbers":1}
vicenteaugusto_useche/ConectaVacantes/Dockerfile: Using EditorConfig core...
ConectaVacantes/Dockerfile: Target charset is not set
vicenteaugusto_useche/ConectaVacantes/cloudbuild.yaml: Using EditorConfig core...
vicenteaugusto_useche/ConectaVacantes/cloudbuild.yaml: Using EditorConfig core...
ConectaVacantes/cloudbuild.yaml: Target charset is not set
vicenteaugusto_useche/.codeoss/data/User/History/103b0847/8fcO.ts: {}
vicenteaugusto_useche/.codeoss/data/User/History/103b0847/8fcO.ts: {}
vicenteaugusto_useche/ConectaVacantes/.dockerignore: Using EditorConfig core...
ConectaVacantes/.dockerignore: Target charset is not set
vicenteaugusto_useche/.codeoss/data/User/History/103b0847/8fcO.ts: {"tabSize":2,"indentSize":2,"insertSpaces":true,"cursorStyle":1,"lineNumbers":1}
vicenteaugusto_useche/.codeoss/data/User/History/103b0847/8fcO.ts: Using EditorConfig core...
.codeoss/data/User/History/103b0847/8fcO.ts: Target charset is not set
vicenteaugusto_useche/ConectaVacantes/cloudbuild.yaml: Using EditorConfig core...
vicenteaugusto_useche/ConectaVacantes/cloudbuild.yaml: Using EditorConfig core...
vicenteaugusto_useche/ConectaVacantes/cloudbuild.yaml: {"tabSize":2,"indentSize":2,"insertSpaces":true,"cursorStyle":1,"lineNumbers":1}
vicenteaugusto_useche/ConectaVacantes/cloudbuild.yaml: Using EditorConfig core...
ConectaVacantes/cloudbuild.yaml: Target charset is not set
ConectaVacantes/cloudbuild.yaml: Target charset is not set
vicenteaugusto_useche/ConectaVacantes/cloudbuild.yaml: {"tabSize":2,"indentSize":2,"insertSpaces":true,"cursorStyle":1,"lineNumbers":1}
vicenteaugusto_useche/ConectaVacantes/.dockerignore: {"tabSize":4,"indentSize":4,"insertSpaces":true,"cursorStyle":1,"lineNumbers":1}
vicenteaugusto_useche/ConectaVacantes/.dockerignore: Using EditorConfig core...
ConectaVacantes/.dockerignore: Target charset is not set
vicenteaugusto_useche/ConectaVacantes/cloudbuild.yaml: {"tabSize":2,"indentSize":2,"insertSpaces":true,"cursorStyle":1,"lineNumbers":1}
vicenteaugusto_useche/ConectaVacantes/cloudbuild.yaml: Using EditorConfig core...
ConectaVacantes/cloudbuild.yaml: Target charset is not set
vicenteaugusto_useche/ConectaVacantes/cloudbuild.yaml: Using EditorConfig core...
vicenteaugusto_useche/ConectaVacantes/cloudbuild.yaml: Using EditorConfig core...
ConectaVacantes/cloudbuild.yaml: Target charset is not set
vicenteaugusto_useche/ConectaVacantes/cloudbuild.yaml: {"tabSize":2,"indentSize":2,"insertSpaces":true,"cursorStyle":1,"lineNumbers":1}
vicenteaugusto_useche/ConectaVacantes/cloudbuild.yaml: Using EditorConfig core...
vicenteaugusto_useche/ConectaVacantes/cloudbuild.yaml: Using EditorConfig core...
ConectaVacantes/cloudbuild.yaml: Target charset is not set
vicenteaugusto_useche/ConectaVacantes/cloudbuild.yaml: {"tabSize":2,"indentSize":2,"insertSpaces":true,"cursorStyle":1,"lineNumbers":1}
vicenteaugusto_useche/ConectaVacantes/cloudbuild.yaml: Using EditorConfig core...
vicenteaugusto_useche/ConectaVacantes/cloudbuild.yaml: Using EditorConfig core...
ConectaVacantes/cloudbuild.yaml: Target charset is not set
vicenteaugusto_useche/ConectaVacantes/cloudbuild.yaml: {"tabSize":2,"indentSize":2,"insertSpaces":true,"cursorStyle":1,"lineNumbers":1}
vicenteaugusto_useche/.codeoss/data/User/History/103b0847/8fcO.ts: {"tabSize":2,"indentSize":2,"insertSpaces":true,"cursorStyle":1,"lineNumbers":1}
vicenteaugusto_useche/.codeoss/data/User/History/103b0847/8fcO.ts: Using EditorConfig core...
.codeoss/data/User/History/103b0847/8fcO.ts: Target charset is not set
vicenteaugusto_useche/ConectaVacantes/cloudbuild.yaml: {"tabSize":2,"indentSize":2,"insertSpaces":true,"cursorStyle":1,"lineNumbers":1}
vicenteaugusto_useche/ConectaVacantes/cloudbuild.yaml: Using EditorConfig core...
ConectaVacantes/cloudbuild.yaml: Target charset is not set
vicenteaugusto_useche/ConectaVacantes/cloudbuild.yaml: Using EditorConfig core...
vicenteaugusto_useche/ConectaVacantes/cloudbuild.yaml: Using EditorConfig core...
ConectaVacantes/cloudbuild.yaml: Target charset is not set
vicenteaugusto_useche/ConectaVacantes/cloudbuild.yaml: {"tabSize":2,"indentSize":2,"insertSpaces":true,"cursorStyle":1,"lineNumbers":1}
vicenteaugusto_useche/.codeoss/data/User/History/103b0847/8fcO.ts: Using EditorConfig core...
vicenteaugusto_useche/.codeoss/data/User/History/103b0847/8fcO.ts: Using EditorConfig core...
.codeoss/data/User/History/103b0847/8fcO.ts: Target charset is not set
vicenteaugusto_useche/ConectaVacantes/cloudbuild.yaml: Using EditorConfig core...
vicenteaugusto_useche/ConectaVacantes/cloudbuild.yaml: Using EditorConfig core...
ConectaVacantes/cloudbuild.yaml: Target charset is not set
vicenteaugusto_useche/ConectaVacantes/cloudbuild.yaml: {"tabSize":2,"indentSize":2,"insertSpaces":true,"cursorStyle":1,"lineNumbers":1}
vicenteaugusto_useche/.codeoss/data/User/History/103b0847/8fcO.ts: {"tabSize":2,"indentSize":2,"insertSpaces":true,"cursorStyle":1,"lineNumbers":1}
vicenteaugusto_useche/.codeoss/data/User/History/103b0847/8fcO.ts: Using EditorConfig core...
.codeoss/data/User/History/103b0847/8fcO.ts: Target charset is not set
vicenteaugusto_useche/ConectaVacantes/vite.config.ts: {"tabSize":2,"indentSize":2,"insertSpaces":true,"cursorStyle":1,"lineNumbers":1}
vicenteaugusto_useche/ConectaVacantes/vite.config.ts: Using EditorConfig core...
ConectaVacantes/vite.config.ts: Target charset is not set
vicenteaugusto_useche/.codeoss/data/User/History/74dbcd07/EHuW.tsx: {"tabSize":2,"indentSize":2,"insertSpaces":true,"cursorStyle":1,"lineNumbers":1}
vicenteaugusto_useche/.codeoss/data/User/History/74dbcd07/EHuW.tsx: Using EditorConfig core...
.codeoss/data/User/History/74dbcd07/EHuW.tsx: Target charset is not set
vicenteaugusto_useche/.codeoss/data/User/History/74dbcd07/EHuW.tsx: Using EditorConfig core...
vicenteaugusto_useche/.codeoss/data/User/History/74dbcd07/EHuW.tsx: Using EditorConfig core...
.codeoss/data/User/History/74dbcd07/EHuW.tsx: Target charset is not set
vicenteaugusto_useche/.codeoss/data/User/History/103b0847/8fcO.ts: Using EditorConfig core...
vicenteaugusto_useche/.codeoss/data/User/History/103b0847/8fcO.ts: Using EditorConfig core...
.codeoss/data/User/History/103b0847/8fcO.ts: Target charset is not set
vicenteaugusto_useche/.codeoss/data/User/History/74dbcd07/EHuW.tsx: Using EditorConfig core...
vicenteaugusto_useche/.codeoss/data/User/History/74dbcd07/EHuW.tsx: Using EditorConfig core...
.codeoss/data/User/History/74dbcd07/EHuW.tsx: Target charset is not set
vicenteaugusto_useche/ConectaVacantes/vite.config.ts: Using EditorConfig core...
vicenteaugusto_useche/ConectaVacantes/vite.config.ts: Using EditorConfig core...
ConectaVacantes/vite.config.ts: Target charset is not set
vicenteaugusto_useche/ConectaVacantes/vite.config.ts: Using EditorConfig core...
vicenteaugusto_useche/ConectaVacantes/vite.config.ts: Using EditorConfig core...
ConectaVacantes/vite.config.ts: Target charset is not set
vicenteaugusto_useche/.codeoss/data/User/History/74dbcd07/EHuW.tsx: {"tabSize":2,"indentSize":2,"insertSpaces":true,"cursorStyle":1,"lineNumbers":1}
vicenteaugusto_useche/.codeoss/data/User/History/74dbcd07/EHuW.tsx: {"tabSize":2,"indentSize":2,"insertSpaces":true,"cursorStyle":1,"lineNumbers":1}
vicenteaugusto_useche/ConectaVacantes/vite.config.ts: {"tabSize":2,"indentSize":2,"insertSpaces":true,"cursorStyle":1,"lineNumbers":1}
vicenteaugusto_useche/ConectaVacantes/vite.config.ts: Using EditorConfig core...
ConectaVacantes/vite.config.ts: Target charset is not set
vicenteaugusto_useche/.codeoss/data/User/History/103b0847/8fcO.ts: {"tabSize":2,"indentSize":2,"insertSpaces":true,"cursorStyle":1,"lineNumbers":1}
vicenteaugusto_useche/.codeoss/data/User/History/103b0847/8fcO.ts: Using EditorConfig core...
.codeoss/data/User/History/103b0847/8fcO.ts: Target charset is not set
vicenteaugusto_useche/ConectaVacantes/cloudbuild.yaml: {"tabSize":2,"indentSize":2,"insertSpaces":true,"cursorStyle":1,"lineNumbers":1}
vicenteaugusto_useche/ConectaVacantes/cloudbuild.yaml: Using EditorConfig core...
ConectaVacantes/cloudbuild.yaml: Target charset is not set
vicenteaugusto_useche/ConectaVacantes/.dockerignore: {"tabSize":4,"indentSize":4,"insertSpaces":true,"cursorStyle":1,"lineNumbers":1}
vicenteaugusto_useche/ConectaVacantes/.dockerignore: Using EditorConfig core...
ConectaVacantes/.dockerignore: Target charset is not set
No more open editors.
vicenteaugusto_useche/ConectaVacantes/api/createApp.ts: {"tabSize":2,"indentSize":2,"insertSpaces":true,"cursorStyle":1,"lineNumbers":1}
vicenteaugusto_useche/ConectaVacantes/api/createApp.ts: Using EditorConfig core...
ConectaVacantes/api/createApp.ts: Target charset is not set
vicenteaugusto_useche/ConectaVacantes/api/createApp.ts: {"tabSize":2,"indentSize":2,"insertSpaces":true,"cursorStyle":1,"lineNumbers":1}
vicenteaugusto_useche/ConectaVacantes/api/createApp.ts: {"tabSize":2,"indentSize":2,"insertSpaces":true,"cursorStyle":1,"lineNumbers":1}
vicenteaugusto_useche/ConectaVacantes/api/createApp.ts: {"tabSize":2,"indentSize":2,"insertSpaces":true,"cursorStyle":1,"lineNumbers":1}
vicenteaugusto_useche/ConectaVacantes/api/createApp.ts: {"tabSize":2,"indentSize":2,"insertSpaces":true,"cursorStyle":1,"lineNumbers":1}
vicenteaugusto_useche/.codeoss/data/User/History/103b0847/8fcO.ts: {"tabSize":2,"indentSize":2,"insertSpaces":true,"cursorStyle":1,"lineNumbers":1}
vicenteaugusto_useche/.codeoss/data/User/History/103b0847/8fcO.ts: Using EditorConfig core...
.codeoss/data/User/History/103b0847/8fcO.ts: Target charset is not set
vicenteaugusto_useche/.codeoss/data/User/History/103b0847/8fcO.ts: Using EditorConfig core...
vicenteaugusto_useche/.codeoss/data/User/History/103b0847/8fcO.ts: Using EditorConfig core...
.codeoss/data/User/History/103b0847/8fcO.ts: Target charset is not set
vicenteaugusto_useche/.codeoss/data/User/History/103b0847/8fcO.ts: {"tabSize":2,"indentSize":2,"insertSpaces":true,"cursorStyle":1,"lineNumbers":1}
vicenteaugusto_useche/.codeoss/data/User/History/103b0847/8fcO.ts: {"tabSize":2,"indentSize":2,"insertSpaces":true,"cursorStyle":1,"lineNumbers":1}
vicenteaugusto_useche/.codeoss/data/User/History/103b0847/8fcO.ts: Using EditorConfig core...
vicenteaugusto_useche/.codeoss/data/User/History/103b0847/8fcO.ts: Using EditorConfig core...
.codeoss/data/User/History/103b0847/8fcO.ts: Target charset is not set
