[Error - 3:25:08 PM] (node:7006) [DEP0040] DeprecationWarning: The `punycode` module is deprecated. Please use a userland alternative instead.
(Use `node --trace-deprecation ...` to show where the warning was created)
[Error - 3:25:26 PM] Failed to load entities from /home/vicenteaugusto_useche/node_modules/body-parser/package.json: Error: ENOENT: no such file or directory, open '/home/vicenteaugusto_useche/node_modules/body-parser/package.json'
[Error - 3:25:26 PM] Failed to load entities from /home/vicenteaugusto_useche/node_modules/dotenv/package.json: Error: ENOENT: no such file or directory, open '/home/vicenteaugusto_useche/node_modules/dotenv/package.json'
[Error - 3:25:26 PM] Failed to load entities from /home/vicenteaugusto_useche/node_modules/esbuild/package.json: Error: ENOENT: no such file or directory, open '/home/vicenteaugusto_useche/node_modules/esbuild/package.json'
[Error - 3:25:26 PM] Failed to load entities from /home/vicenteaugusto_useche/node_modules/express/package.json: Error: ENOENT: no such file or directory, open '/home/vicenteaugusto_useche/node_modules/express/package.json'
[Error - 3:25:26 PM] Failed to load entities from /home/vicenteaugusto_useche/node_modules/framer-motion/package.json: Error: ENOENT: no such file or directory, open '/home/vicenteaugusto_useche/node_modules/framer-motion/package.json'
[Error - 3:25:26 PM] Failed to load entities from /home/vicenteaugusto_useche/node_modules/gaxios/package.json: Error: ENOENT: no such file or directory, open '/home/vicenteaugusto_useche/node_modules/gaxios/package.json'
[Error - 3:25:26 PM] Failed to load entities from /home/vicenteaugusto_useche/node_modules/gcp-metadata/package.json: Error: ENOENT: no such file or directory, open '/home/vicenteaugusto_useche/node_modules/gcp-metadata/package.json'
[Error - 3:25:26 PM] Failed to load entities from /home/vicenteaugusto_useche/node_modules/google-auth-library/package.json: Error: ENOENT: no such file or directory, open '/home/vicenteaugusto_useche/node_modules/google-auth-library/package.json'
[Error - 3:25:26 PM] Failed to load entities from /home/vicenteaugusto_useche/node_modules/google-logging-utils/package.json: Error: ENOENT: no such file or directory, open '/home/vicenteaugusto_useche/node_modules/google-logging-utils/package.json'
[Error - 3:25:26 PM] Failed to load entities from /home/vicenteaugusto_useche/node_modules/http-errors/package.json: Error: ENOENT: no such file or directory, open '/home/vicenteaugusto_useche/node_modules/http-errors/package.json'
[Error - 3:25:26 PM] Failed to load entities from /home/vicenteaugusto_useche/node_modules/jiti/package.json: Error: ENOENT: no such file or directory, open '/home/vicenteaugusto_useche/node_modules/jiti/package.json'
[Error - 3:25:26 PM] Failed to load entities from /home/vicenteaugusto_useche/node_modules/lightningcss/package.json: Error: ENOENT: no such file or directory, open '/home/vicenteaugusto_useche/node_modules/lightningcss/package.json'
[Error - 3:25:26 PM] Failed to load entities from /home/vicenteaugusto_useche/node_modules/mime/package.json: Error: ENOENT: no such file or directory, open '/home/vicenteaugusto_useche/node_modules/mime/package.json'
[Error - 3:25:26 PM] Failed to load entities from /home/vicenteaugusto_useche/node_modules/motion/package.json: Error: ENOENT: no such file or directory, open '/home/vicenteaugusto_useche/node_modules/motion/package.json'
[Error - 3:25:26 PM] Failed to load entities from /home/vicenteaugusto_useche/node_modules/motion-dom/package.json: Error: ENOENT: no such file or directory, open '/home/vicenteaugusto_useche/node_modules/motion-dom/package.json'
[Error - 3:25:26 PM] Failed to load entities from /home/vicenteaugusto_useche/node_modules/motion-utils/package.json: Error: ENOENT: no such file or directory, open '/home/vicenteaugusto_useche/node_modules/motion-utils/package.json'
[Error - 3:25:26 PM] Failed to load entities from /home/vicenteaugusto_useche/node_modules/postcss/package.json: Error: ENOENT: no such file or directory, open '/home/vicenteaugusto_useche/node_modules/postcss/package.json'
[Error - 3:25:26 PM] Failed to load entities from /home/vicenteaugusto_useche/node_modules/qs/package.json: Error: ENOENT: no such file or directory, open '/home/vicenteaugusto_useche/node_modules/qs/package.json'
[Error - 3:25:26 PM] Failed to load entities from /home/vicenteaugusto_useche/node_modules/range-parser/package.json: Error: ENOENT: no such file or directory, open '/home/vicenteaugusto_useche/node_modules/range-parser/package.json'
[Error - 3:25:26 PM] Failed to load entities from /home/vicenteaugusto_useche/node_modules/react/package.json: Error: ENOENT: no such file or directory, open '/home/vicenteaugusto_useche/node_modules/react/package.json'
[Error - 3:25:26 PM] Failed to load entities from /home/vicenteaugusto_useche/node_modules/react-dom/package.json: Error: ENOENT: no such file or directory, open '/home/vicenteaugusto_useche/node_modules/react-dom/package.json'
[Error - 3:25:26 PM] Failed to load entities from /home/vicenteaugusto_useche/node_modules/rollup/package.json: Error: ENOENT: no such file or directory, open '/home/vicenteaugusto_useche/node_modules/rollup/package.json'
[Error - 3:25:26 PM] Failed to load entities from /home/vicenteaugusto_useche/node_modules/send/package.json: Error: ENOENT: no such file or directory, open '/home/vicenteaugusto_useche/node_modules/send/package.json'
[Error - 3:25:26 PM] Failed to load entities from /home/vicenteaugusto_useche/node_modules/serve-static/package.json: Error: ENOENT: no such file or directory, open '/home/vicenteaugusto_useche/node_modules/serve-static/package.json'
[Error - 3:25:26 PM] Failed to load entities from /home/vicenteaugusto_useche/node_modules/source-map-js/package.json: Error: ENOENT: no such file or directory, open '/home/vicenteaugusto_useche/node_modules/source-map-js/package.json'
[Error - 3:25:26 PM] Failed to load entities from /home/vicenteaugusto_useche/node_modules/tsx/package.json: Error: ENOENT: no such file or directory, open '/home/vicenteaugusto_useche/node_modules/tsx/package.json'
[Error - 3:25:26 PM] Failed to load entities from /home/vicenteaugusto_useche/node_modules/undici-types/package.json: Error: ENOENT: no such file or directory, open '/home/vicenteaugusto_useche/node_modules/undici-types/package.json'
[Error - 3:25:26 PM] Failed to load entities from /home/vicenteaugusto_useche/node_modules/vite/package.json: Error: ENOENT: no such file or directory, open '/home/vicenteaugusto_useche/node_modules/vite/package.json'
[Error - 3:25:26 PM] Failed to load entities from /home/vicenteaugusto_useche/node_modules/@babel/core/package.json: Error: ENOENT: no such file or directory, open '/home/vicenteaugusto_useche/node_modules/@babel/core/package.json'
[Error - 3:25:26 PM] Failed to load entities from /home/vicenteaugusto_useche/node_modules/@babel/generator/package.json: Error: ENOENT: no such file or directory, open '/home/vicenteaugusto_useche/node_modules/@babel/generator/package.json'
[Error - 3:25:26 PM] Failed to load entities from /home/vicenteaugusto_useche/node_modules/@google/genai/package.json: Error: ENOENT: no such file or directory, open '/home/vicenteaugusto_useche/node_modules/@google/genai/package.json'
[Error - 3:25:26 PM] Failed to load entities from /home/vicenteaugusto_useche/node_modules/@babel/parser/package.json: Error: ENOENT: no such file or directory, open '/home/vicenteaugusto_useche/node_modules/@babel/parser/package.json'
[Error - 3:25:26 PM] Failed to load entities from /home/vicenteaugusto_useche/node_modules/@babel/template/package.json: Error: ENOENT: no such file or directory, open '/home/vicenteaugusto_useche/node_modules/@babel/template/package.json'
[Error - 3:25:26 PM] Failed to load entities from /home/vicenteaugusto_useche/node_modules/@babel/types/package.json: Error: ENOENT: no such file or directory, open '/home/vicenteaugusto_useche/node_modules/@babel/types/package.json'
[Error - 3:25:26 PM] Failed to load entities from /home/vicenteaugusto_useche/node_modules/@babel/traverse/package.json: Error: ENOENT: no such file or directory, open '/home/vicenteaugusto_useche/node_modules/@babel/traverse/package.json'
[Error - 3:25:26 PM] Failed to load entities from /home/vicenteaugusto_useche/node_modules/@tailwindcss/vite/package.json: Error: ENOENT: no such file or directory, open '/home/vicenteaugusto_useche/node_modules/@tailwindcss/vite/package.json'
[Error - 3:25:26 PM] Failed to load entities from /home/vicenteaugusto_useche/node_modules/@types/babel__core/package.json: Error: ENOENT: no such file or directory, open '/home/vicenteaugusto_useche/node_modules/@types/babel__core/package.json'
[Error - 3:25:26 PM] Failed to load entities from /home/vicenteaugusto_useche/node_modules/@types/babel__generator/package.json: Error: ENOENT: no such file or directory, open '/home/vicenteaugusto_useche/node_modules/@types/babel__generator/package.json'
[Error - 3:25:26 PM] Failed to load entities from /home/vicenteaugusto_useche/node_modules/@types/babel__template/package.json: Error: ENOENT: no such file or directory, open '/home/vicenteaugusto_useche/node_modules/@types/babel__template/package.json'
[Error - 3:25:26 PM] Failed to load entities from /home/vicenteaugusto_useche/node_modules/@types/babel__traverse/package.json: Error: ENOENT: no such file or directory, open '/home/vicenteaugusto_useche/node_modules/@types/babel__traverse/package.json'
[Error - 3:25:26 PM] Failed to load entities from /home/vicenteaugusto_useche/node_modules/@types/body-parser/package.json: Error: ENOENT: no such file or directory, open '/home/vicenteaugusto_useche/node_modules/@types/body-parser/package.json'
[Error - 3:25:26 PM] Failed to load entities from /home/vicenteaugusto_useche/node_modules/@types/connect/package.json: Error: ENOENT: no such file or directory, open '/home/vicenteaugusto_useche/node_modules/@types/connect/package.json'
[Error - 3:25:26 PM] Failed to load entities from /home/vicenteaugusto_useche/node_modules/@types/estree/package.json: Error: ENOENT: no such file or directory, open '/home/vicenteaugusto_useche/node_modules/@types/estree/package.json'
[Error - 3:25:26 PM] Failed to load entities from /home/vicenteaugusto_useche/node_modules/@types/express/package.json: Error: ENOENT: no such file or directory, open '/home/vicenteaugusto_useche/node_modules/@types/express/package.json'
[Error - 3:25:26 PM] Failed to load entities from /home/vicenteaugusto_useche/node_modules/@types/express-serve-static-core/package.json: Error: ENOENT: no such file or directory, open '/home/vicenteaugusto_useche/node_modules/@types/express-serve-static-core/package.json'
[Error - 3:25:26 PM] Failed to load entities from /home/vicenteaugusto_useche/node_modules/@types/http-errors/package.json: Error: ENOENT: no such file or directory, open '/home/vicenteaugusto_useche/node_modules/@types/http-errors/package.json'
[Error - 3:25:26 PM] Failed to load entities from /home/vicenteaugusto_useche/node_modules/@types/mime/package.json: Error: ENOENT: no such file or directory, open '/home/vicenteaugusto_useche/node_modules/@types/mime/package.json'
[Error - 3:25:26 PM] Failed to load entities from /home/vicenteaugusto_useche/node_modules/@types/pako/package.json: Error: ENOENT: no such file or directory, open '/home/vicenteaugusto_useche/node_modules/@types/pako/package.json'
[Error - 3:25:26 PM] Failed to load entities from /home/vicenteaugusto_useche/node_modules/@types/qs/package.json: Error: ENOENT: no such file or directory, open '/home/vicenteaugusto_useche/node_modules/@types/qs/package.json'
[Error - 3:25:26 PM] Failed to load entities from /home/vicenteaugusto_useche/node_modules/@types/raf/package.json: Error: ENOENT: no such file or directory, open '/home/vicenteaugusto_useche/node_modules/@types/raf/package.json'
[Error - 3:25:26 PM] Failed to load entities from /home/vicenteaugusto_useche/node_modules/@types/range-parser/package.json: Error: ENOENT: no such file or directory, open '/home/vicenteaugusto_useche/node_modules/@types/range-parser/package.json'
[Error - 3:25:26 PM] Failed to load entities from /home/vicenteaugusto_useche/node_modules/@types/retry/package.json: Error: ENOENT: no such file or directory, open '/home/vicenteaugusto_useche/node_modules/@types/retry/package.json'
[Error - 3:25:26 PM] Failed to load entities from /home/vicenteaugusto_useche/node_modules/@types/send/package.json: Error: ENOENT: no such file or directory, open '/home/vicenteaugusto_useche/node_modules/@types/send/package.json'
[Error - 3:25:26 PM] Failed to load entities from /home/vicenteaugusto_useche/node_modules/@types/serve-static/package.json: Error: ENOENT: no such file or directory, open '/home/vicenteaugusto_useche/node_modules/@types/serve-static/package.json'
[Error - 3:25:26 PM] Failed to load entities from /home/vicenteaugusto_useche/node_modules/@types/node/package.json: Error: ENOENT: no such file or directory, open '/home/vicenteaugusto_useche/node_modules/@types/node/package.json'
[Error - 3:25:26 PM] Failed to load entities from /home/vicenteaugusto_useche/node_modules/@types/trusted-types/package.json: Error: ENOENT: no such file or directory, open '/home/vicenteaugusto_useche/node_modules/@types/trusted-types/package.json'
[Error - 3:25:26 PM] Failed to load entities from /home/vicenteaugusto_useche/node_modules/@vitejs/plugin-react/package.json: Error: ENOENT: no such file or directory, open '/home/vicenteaugusto_useche/node_modules/@vitejs/plugin-react/package.json'
[Error - 3:25:26 PM] Failed to load entities from /home/vicenteaugusto_useche/node_modules/framer-motion/client/package.json: Error: ENOENT: no such file or directory, open '/home/vicenteaugusto_useche/node_modules/framer-motion/client/package.json'
[Error - 3:25:26 PM] Failed to load entities from /home/vicenteaugusto_useche/node_modules/framer-motion/dom/package.json: Error: ENOENT: no such file or directory, open '/home/vicenteaugusto_useche/node_modules/framer-motion/dom/package.json'
[Error - 3:25:26 PM] Failed to load entities from /home/vicenteaugusto_useche/node_modules/framer-motion/m/package.json: Error: ENOENT: no such file or directory, open '/home/vicenteaugusto_useche/node_modules/framer-motion/m/package.json'
[Error - 3:25:26 PM] Failed to load entities from /home/vicenteaugusto_useche/node_modules/framer-motion/mini/package.json: Error: ENOENT: no such file or directory, open '/home/vicenteaugusto_useche/node_modules/framer-motion/mini/package.json'
[Error - 3:25:26 PM] Failed to load entities from /home/vicenteaugusto_useche/node_modules/vite/types/package.json: Error: ENOENT: no such file or directory, open '/home/vicenteaugusto_useche/node_modules/vite/types/package.json'
[Error - 3:25:26 PM] Failed to load entities from /home/vicenteaugusto_useche/node_modules/framer-motion/dom/mini/package.json: Error: ENOENT: no such file or directory, open '/home/vicenteaugusto_useche/node_modules/framer-motion/dom/mini/package.json'
[Error - 3:25:26 PM] Failed to load entities from /home/vicenteaugusto_useche/node_modules/gaxios/build/esm/package.json: Error: ENOENT: no such file or directory, open '/home/vicenteaugusto_useche/node_modules/gaxios/build/esm/package.json'
[Error - 3:25:26 PM] Failed to load entities from /home/vicenteaugusto_useche/node_modules/@types/serve-static/node_modules/@types/send/package.json: Error: ENOENT: no such file or directory, open '/home/vicenteaugusto_useche/node_modules/@types/serve-static/node_modules/@types/send/package.json'
[Error - 3:26:48 PM] Failed to load entities from /home/vicenteaugusto_useche/tsconfig.json: Error: ENOENT: no such file or directory, open '/home/vicenteaugusto_useche/tsconfig.json'
[Error - 3:27:07 PM] Failed to load entities from /home/vicenteaugusto_useche/package.json: Error: ENOENT: no such file or directory, open '/home/vicenteaugusto_useche/package.json'
