0 verbose cli /usr/local/nvm/versions/node/v24.16.0/bin/node /usr/local/nvm/versions/node/v24.16.0/lib/node_modules/npm/bin/npm-cli.js
1 info using npm@11.17.0
2 info using node@v24.16.0
3 silly config load:file:/usr/local/nvm/versions/node/v24.16.0/lib/node_modules/npm/npmrc
4 silly config load:file:/home/vicenteaugusto_useche/ConectaVacantes/.npmrc
5 silly config load:file:/home/vicenteaugusto_useche/.npmrc
6 silly config load:file:/usr/local/nvm/versions/node/v24.16.0/etc/npmrc
7 verbose title npm exec firebase-tools deploy --only hosting,functions --project conectavacantes-2026
8 verbose argv "exec" "--" "firebase-tools" "deploy" "--only" "hosting,functions" "--project" "conectavacantes-2026"
9 verbose logfile logs-max:10 dir:/home/vicenteaugusto_useche/.npm/_logs/2026-07-03T18_04_24_254Z-
10 verbose logfile /home/vicenteaugusto_useche/.npm/_logs/2026-07-03T18_04_24_254Z-debug-0.log
11 silly logfile start cleaning logs, removing 1 files
12 silly logfile done cleaning log files
13 silly packumentCache heap:2348810240 maxSize:587202560 maxEntrySize:293601280
14 http fetch GET 200 https://registry.npmjs.org/firebase-tools 130ms (cache revalidated)
15 silly packumentCache heap:2348810240 maxSize:587202560 maxEntrySize:293601280
16 silly packumentCache heap:2348810240 maxSize:587202560 maxEntrySize:293601280
17 verbose cwd /home/vicenteaugusto_useche/ConectaVacantes
18 verbose os Linux 6.6.137+
19 verbose node v24.16.0
20 verbose npm  v11.17.0
21 verbose exit 1
22 verbose code 1
