0 verbose cli /usr/local/nvm/versions/node/v24.16.0/bin/node /usr/local/nvm/versions/node/v24.16.0/bin/npm
1 info using npm@11.17.0
2 info using node@v24.16.0
3 silly config load:file:/usr/local/nvm/versions/node/v24.16.0/lib/node_modules/npm/npmrc
4 silly config load:file:/home/vicenteaugusto_useche/.cache/typescript/5.9/.npmrc
5 silly config load:file:/home/vicenteaugusto_useche/.npmrc
6 silly config load:file:/usr/local/nvm/versions/node/v24.16.0/etc/npmrc
7 verbose title npm install types-registry@latest
8 verbose argv "install" "--ignore-scripts" "types-registry@latest"
9 verbose logfile logs-max:10 dir:/home/vicenteaugusto_useche/.npm/_logs/2026-07-03T13_59_31_264Z-
10 verbose logfile /home/vicenteaugusto_useche/.npm/_logs/2026-07-03T13_59_31_264Z-debug-0.log
11 silly logfile start cleaning logs, removing 2 files
12 silly logfile done cleaning log files
13 silly packumentCache heap:2348810240 maxSize:587202560 maxEntrySize:293601280
14 silly packumentCache corgi:https://registry.npmjs.org/types-registry cache-miss
15 http fetch GET 200 https://registry.npmjs.org/types-registry 226ms (cache revalidated)
16 silly packumentCache corgi:https://registry.npmjs.org/types-registry set size:627942 disposed:false
17 silly idealTree buildDeps
18 silly fetch manifest types-registry@0.1.776
19 silly packumentCache full:https://registry.npmjs.org/types-registry cache-miss
20 http fetch GET 200 https://registry.npmjs.org/types-registry 82ms (cache revalidated)
21 silly packumentCache full:https://registry.npmjs.org/types-registry set size:1363174 disposed:false
22 silly placeDep ROOT types-registry@0.1.776 REPLACE for:  want: 0.1.776
23 silly reify moves {}
24 silly audit bulk request {
24 silly audit   '@types/body-parser': [ '1.19.6' ],
24 silly audit   '@types/connect': [ '3.4.38' ],
24 silly audit   '@types/express': [ '5.0.6' ],
24 silly audit   '@types/express-serve-static-core': [ '5.1.1' ],
24 silly audit   '@types/http-errors': [ '2.0.5' ],
24 silly audit   '@types/less': [ '3.0.8' ],
24 silly audit   '@types/node': [ '26.1.0' ],
24 silly audit   '@types/qs': [ '6.15.1' ],
24 silly audit   '@types/range-parser': [ '1.2.7' ],
24 silly audit   '@types/react': [ '19.2.17' ],
24 silly audit   '@types/react-dom': [ '19.2.3' ],
24 silly audit   '@types/send': [ '1.2.1' ],
24 silly audit   '@types/serve-static': [ '2.2.0' ],
24 silly audit   '@types/stylus': [ '0.48.43' ],
24 silly audit   csstype: [ '3.2.3' ],
24 silly audit   'undici-types': [ '8.3.0' ],
24 silly audit   'types-registry': [ '0.1.776' ]
24 silly audit }
25 http fetch POST 200 https://registry.npmjs.org/-/npm/v1/security/advisories/bulk 136ms
26 silly audit report {}
27 verbose cwd /home/vicenteaugusto_useche/.cache/typescript/5.9
28 verbose os Linux 6.6.137+
29 verbose node v24.16.0
30 verbose npm  v11.17.0
31 verbose exit 0
32 info ok
