[Info  - 2:10:09 PM] 2026/07/03 14:10:09 Created View (#1)
	directory=/home/vicenteaugusto_useche
	view_type="AdHoc"
	root_dir="file:///home/vicenteaugusto_useche"
	go_version="go version go1.26.4 linux/amd64"
	build_flags=[]
	env={GOOS:linux GOARCH:amd64 GOCACHE:/home/vicenteaugusto_useche/.cache/go-build GOMODCACHE:/home/vicenteaugusto_useche/gopath/pkg/mod GOPATH:/home/vicenteaugusto_useche/gopath:/google/gopath GOPRIVATE: GOFLAGS: GO111MODULE: GOTOOLCHAIN:auto GOROOT:/usr/local/go GoVersion:26 GoVersionOutput:go version go1.26.4 linux/amd64
 ExplicitGOWORK: EffectiveGOPACKAGESDRIVER:}
	env_overlay=[]

[Info  - 2:10:09 PM] 2026/07/03 14:10:09 go/packages.Load #1
	view_id="1"
	snapshot=0
	directory=/home/vicenteaugusto_useche
	query=[./ builtin]
	packages=2
	duration=39.024552ms

[Info  - 2:10:39 PM] 2026/07/03 14:10:39 background imports cache refresh starting

[Info  - 2:10:39 PM] 2026/07/03 14:10:39 background refresh finished after 7.507821ms

[Info  - 2:12:24 PM] 2026/07/03 14:12:24 Shutdown session
	shutdown_session=1

