Initializing document watcher...
Document watcher initialized
vicenteaugusto_useche/node_modules/tsx/dist/register-BOkp8V6j.cjs: {"tabSize":4,"indentSize":4,"insertSpaces":true,"cursorStyle":1,"lineNumbers":1}
vicenteaugusto_useche/node_modules/tsx/dist/register-BOkp8V6j.cjs: Using EditorConfig core...
node_modules/tsx/dist/register-BOkp8V6j.cjs: Target charset is not set
vicenteaugusto_useche/node_modules/tsx/dist/register-BOkp8V6j.cjs: {"tabSize":4,"indentSize":4,"insertSpaces":true,"cursorStyle":1,"lineNumbers":1}
vicenteaugusto_useche/node_modules/tsx/dist/register-BOkp8V6j.cjs: {"tabSize":4,"indentSize":4,"insertSpaces":true,"cursorStyle":1,"lineNumbers":1}
vicenteaugusto_useche/node_modules/tsx/dist/register-BOkp8V6j.cjs: {"tabSize":4,"indentSize":4,"insertSpaces":true,"cursorStyle":1,"lineNumbers":1}
vicenteaugusto_useche/node_modules/tsx/dist/register-BOkp8V6j.cjs: {"tabSize":4,"indentSize":4,"insertSpaces":true,"cursorStyle":1,"lineNumbers":1}
vicenteaugusto_useche/node_modules/tsx/dist/register-BOkp8V6j.cjs: {"tabSize":4,"indentSize":4,"insertSpaces":true,"cursorStyle":1,"lineNumbers":1}
vicenteaugusto_useche/node_modules/tsx/dist/register-BOkp8V6j.cjs: {"tabSize":4,"indentSize":4,"insertSpaces":true,"cursorStyle":1,"lineNumbers":1}
vicenteaugusto_useche/node_modules/tsx/dist/register-BOkp8V6j.cjs: Using EditorConfig core...
node_modules/tsx/dist/register-BOkp8V6j.cjs: Target charset is not set
vicenteaugusto_useche/node_modules/tsx/dist/register-BOkp8V6j.cjs: {"tabSize":4,"indentSize":4,"insertSpaces":true,"cursorStyle":1,"lineNumbers":1}
vicenteaugusto_useche/node_modules/tsx/dist/register-BOkp8V6j.cjs: Using EditorConfig core...
node_modules/tsx/dist/register-BOkp8V6j.cjs: Target charset is not set
vicenteaugusto_useche/viWW.ts: {"tabSize":2,"indentSize":2,"insertSpaces":true,"cursorStyle":1,"lineNumbers":1}
vicenteaugusto_useche/viWW.ts: Using EditorConfig core...
viWW.ts: Target charset is not set
vicenteaugusto_useche/src/App.tsx: {"tabSize":2,"indentSize":2,"insertSpaces":true,"cursorStyle":1,"lineNumbers":1}
vicenteaugusto_useche/src/App.tsx: Using EditorConfig core...
src/App.tsx: Target charset is not set
vicenteaugusto_useche/src/components/DashboardAnalytics.tsx: {"tabSize":2,"indentSize":2,"insertSpaces":true,"cursorStyle":1,"lineNumbers":1}
vicenteaugusto_useche/src/components/DashboardAnalytics.tsx: Using EditorConfig core...
src/components/DashboardAnalytics.tsx: Target charset is not set
No more open editors.
/User/settings.json: Using EditorConfig core...
/User/settings.json: Using EditorConfig core...
/User/settings.json: Target charset is not set
No more open editors.
vicenteaugusto_useche/.vscode/launch.json: {"tabSize":4,"indentSize":4,"insertSpaces":true,"cursorStyle":1,"lineNumbers":1}
vicenteaugusto_useche/.vscode/launch.json: Using EditorConfig core...
.vscode/launch.json: Target charset is not set
vicenteaugusto_useche/.vscode/launch.json: Using EditorConfig core...
vicenteaugusto_useche/.vscode/launch.json: Using EditorConfig core...
.vscode/launch.json: Target charset is not set
vicenteaugusto_useche/.vscode/launch.json: Using EditorConfig core...
vicenteaugusto_useche/.vscode/launch.json: Using EditorConfig core...
.vscode/launch.json: Target charset is not set
/User/settings.json: Using EditorConfig core...
/User/settings.json: Using EditorConfig core...
/User/settings.json: Target charset is not set
vicenteaugusto_useche/node_modules/tsx/dist/register-BOkp8V6j.cjs: {"tabSize":4,"indentSize":4,"insertSpaces":true,"cursorStyle":1,"lineNumbers":1}
vicenteaugusto_useche/node_modules/tsx/dist/register-BOkp8V6j.cjs: Using EditorConfig core...
node_modules/tsx/dist/register-BOkp8V6j.cjs: Target charset is not set
vicenteaugusto_useche/node_modules/tsx/dist/register-BOkp8V6j.cjs: {"tabSize":4,"indentSize":4,"insertSpaces":true,"cursorStyle":1,"lineNumbers":1}
