Initializing document watcher...
Document watcher initialized
vicenteaugusto_useche/index.html: {"tabSize":2,"indentSize":2,"insertSpaces":true,"cursorStyle":1,"lineNumbers":1}
vicenteaugusto_useche/index.html: Using EditorConfig core...
index.html: Target charset is not set
vicenteaugusto_useche/index.html: {"tabSize":2,"indentSize":2,"insertSpaces":true,"cursorStyle":1,"lineNumbers":1}
vicenteaugusto_useche/index.html: Using EditorConfig core...
vicenteaugusto_useche/index.html: Using EditorConfig core...
index.html: Target charset is not set
vicenteaugusto_useche/index.html: {"tabSize":2,"indentSize":2,"insertSpaces":true,"cursorStyle":1,"lineNumbers":1}
vicenteaugusto_useche/index.html: {"tabSize":2,"indentSize":2,"insertSpaces":true,"cursorStyle":1,"lineNumbers":1}
vicenteaugusto_useche/index.html: {"tabSize":2,"indentSize":2,"insertSpaces":true,"cursorStyle":1,"lineNumbers":1}
vicenteaugusto_useche/index.html: {"tabSize":2,"indentSize":2,"insertSpaces":true,"cursorStyle":1,"lineNumbers":1}
vicenteaugusto_useche/index.html: Using EditorConfig core...
vicenteaugusto_useche/index.html: Using EditorConfig core...
index.html: Target charset is not set
vicenteaugusto_useche/index.html: {"tabSize":2,"indentSize":2,"insertSpaces":true,"cursorStyle":1,"lineNumbers":1}
vicenteaugusto_useche/index.html: {"tabSize":2,"indentSize":2,"insertSpaces":true,"cursorStyle":1,"lineNumbers":1}
vicenteaugusto_useche/index.html: {"tabSize":2,"indentSize":2,"insertSpaces":true,"cursorStyle":1,"lineNumbers":1}
vicenteaugusto_useche/index.html: {"tabSize":2,"indentSize":2,"insertSpaces":true,"cursorStyle":1,"lineNumbers":1}
vicenteaugusto_useche/index.html: {"tabSize":2,"indentSize":2,"insertSpaces":true,"cursorStyle":1,"lineNumbers":1}
vicenteaugusto_useche/index.html: Using EditorConfig core...
vicenteaugusto_useche/index.html: Using EditorConfig core...
index.html: Target charset is not set
vicenteaugusto_useche/index.html: {"tabSize":2,"indentSize":2,"insertSpaces":true,"cursorStyle":1,"lineNumbers":1}
vicenteaugusto_useche/index.html: Using EditorConfig core...
vicenteaugusto_useche/index.html: Using EditorConfig core...
index.html: Target charset is not set
vicenteaugusto_useche/index.html: Using EditorConfig core...
vicenteaugusto_useche/index.html: Using EditorConfig core...
index.html: Target charset is not set
vicenteaugusto_useche/index.html: {"tabSize":2,"indentSize":2,"insertSpaces":true,"cursorStyle":1,"lineNumbers":1}
vicenteaugusto_useche/index.html: {"tabSize":2,"indentSize":2,"insertSpaces":true,"cursorStyle":1,"lineNumbers":1}
vicenteaugusto_useche/index.html: Using EditorConfig core...
vicenteaugusto_useche/index.html: Using EditorConfig core...
index.html: Target charset is not set
vicenteaugusto_useche/index.html: Using EditorConfig core...
vicenteaugusto_useche/index.html: Using EditorConfig core...
index.html: Target charset is not set
vicenteaugusto_useche/index.html: Using EditorConfig core...
vicenteaugusto_useche/index.html: Using EditorConfig core...
index.html: Target charset is not set
vicenteaugusto_useche/ConectaVacantes/index.html: {"tabSize":2,"indentSize":2,"insertSpaces":true,"cursorStyle":1,"lineNumbers":1}
vicenteaugusto_useche/ConectaVacantes/index.html: Using EditorConfig core...
ConectaVacantes/index.html: Target charset is not set
vicenteaugusto_useche/ConectaVacantes/index.html: Using EditorConfig core...
vicenteaugusto_useche/ConectaVacantes/index.html: Using EditorConfig core...
ConectaVacantes/index.html: Target charset is not set
vicenteaugusto_useche/ConectaVacantes/index.html: Using EditorConfig core...
vicenteaugusto_useche/ConectaVacantes/index.html: Using EditorConfig core...
ConectaVacantes/index.html: Target charset is not set
vicenteaugusto_useche/index.html: {"tabSize":2,"indentSize":2,"insertSpaces":true,"cursorStyle":1,"lineNumbers":1}
vicenteaugusto_useche/index.html: Using EditorConfig core...
index.html: Target charset is not set
vicenteaugusto_useche/index.html: {"tabSize":2,"indentSize":2,"insertSpaces":true,"cursorStyle":1,"lineNumbers":1}
vicenteaugusto_useche/index.html: Using EditorConfig core...
index.html: Target charset is not set
vicenteaugusto_useche/server.ts: {"tabSize":2,"indentSize":2,"insertSpaces":true,"cursorStyle":1,"lineNumbers":1}
vicenteaugusto_useche/server.ts: Using EditorConfig core...
server.ts: Target charset is not set
vicenteaugusto_useche/tsconfig.json: {"tabSize":2,"indentSize":2,"insertSpaces":true,"cursorStyle":1,"lineNumbers":1}
vicenteaugusto_useche/tsconfig.json: Using EditorConfig core...
tsconfig.json: Target charset is not set
vicenteaugusto_useche/vite.config.ts: {"tabSize":2,"indentSize":2,"insertSpaces":true,"cursorStyle":1,"lineNumbers":1}
vicenteaugusto_useche/vite.config.ts: Using EditorConfig core...
vite.config.ts: Target charset is not set
vicenteaugusto_useche/src/App.tsx: {"tabSize":2,"indentSize":2,"insertSpaces":true,"cursorStyle":1,"lineNumbers":1}
vicenteaugusto_useche/src/App.tsx: Using EditorConfig core...
src/App.tsx: Target charset is not set
vicenteaugusto_useche/src/index.css: {"tabSize":2,"indentSize":2,"insertSpaces":true,"cursorStyle":1,"lineNumbers":1}
vicenteaugusto_useche/src/index.css: Using EditorConfig core...
src/index.css: Target charset is not set
vicenteaugusto_useche/src/App.tsx: {"tabSize":2,"indentSize":2,"insertSpaces":true,"cursorStyle":1,"lineNumbers":1}
vicenteaugusto_useche/src/App.tsx: Using EditorConfig core...
src/App.tsx: Target charset is not set
vicenteaugusto_useche/src/main.tsx: {"tabSize":2,"indentSize":2,"insertSpaces":true,"cursorStyle":1,"lineNumbers":1}
vicenteaugusto_useche/src/main.tsx: Using EditorConfig core...
src/main.tsx: Target charset is not set
vicenteaugusto_useche/src/types.ts: {"tabSize":2,"indentSize":2,"insertSpaces":true,"cursorStyle":1,"lineNumbers":1}
vicenteaugusto_useche/src/types.ts: Using EditorConfig core...
src/types.ts: Target charset is not set
vicenteaugusto_useche/metadata.json: {"tabSize":2,"indentSize":2,"insertSpaces":true,"cursorStyle":1,"lineNumbers":1}
vicenteaugusto_useche/metadata.json: Using EditorConfig core...
metadata.json: Target charset is not set
vicenteaugusto_useche/package-lock.json: {"tabSize":2,"indentSize":2,"insertSpaces":true,"cursorStyle":1,"lineNumbers":1}
vicenteaugusto_useche/package-lock.json: Using EditorConfig core...
package-lock.json: Target charset is not set
vicenteaugusto_useche/package.json: {"tabSize":2,"indentSize":2,"insertSpaces":true,"cursorStyle":1,"lineNumbers":1}
vicenteaugusto_useche/package.json: Using EditorConfig core...
package.json: Target charset is not set
vicenteaugusto_useche/server.ts: {"tabSize":2,"indentSize":2,"insertSpaces":true,"cursorStyle":1,"lineNumbers":1}
vicenteaugusto_useche/server.ts: Using EditorConfig core...
server.ts: Target charset is not set
vicenteaugusto_useche/server.ts: {"tabSize":2,"indentSize":2,"insertSpaces":true,"cursorStyle":1,"lineNumbers":1}
vicenteaugusto_useche/index.html: {"tabSize":2,"indentSize":2,"insertSpaces":true,"cursorStyle":1,"lineNumbers":1}
vicenteaugusto_useche/index.html: Using EditorConfig core...
vicenteaugusto_useche/index.html: {"tabSize":2,"indentSize":2,"insertSpaces":true,"cursorStyle":1,"lineNumbers":1}
index.html: Target charset is not set
vicenteaugusto_useche/ConectaVacantes/index.html: {"tabSize":2,"indentSize":2,"insertSpaces":true,"cursorStyle":1,"lineNumbers":1}
vicenteaugusto_useche/ConectaVacantes/index.html: Using EditorConfig core...
ConectaVacantes/index.html: Target charset is not set
No more open editors.
vscode.git.Git.log: {"tabSize":4,"indentSize":4,"insertSpaces":true,"cursorStyle":1,"lineNumbers":0}
vscode.git.Git.log: Using EditorConfig core...
vscode.git.Git.log: Target charset is not set
No more open editors.
No more open editors.
vicenteaugusto_useche/server.ts: {"tabSize":2,"indentSize":2,"insertSpaces":true,"cursorStyle":1,"lineNumbers":1}
vicenteaugusto_useche/server.ts: Using EditorConfig core...
server.ts: Target charset is not set
vicenteaugusto_useche/ConectaVacantes/src/App.tsx: {"tabSize":2,"indentSize":2,"insertSpaces":true,"cursorStyle":1,"lineNumbers":1}
vicenteaugusto_useche/ConectaVacantes/src/App.tsx: Using EditorConfig core...
ConectaVacantes/src/App.tsx: Target charset is not set
vicenteaugusto_useche/ConectaVacantes/src/App.tsx: Using EditorConfig core...
vicenteaugusto_useche/ConectaVacantes/src/App.tsx: Using EditorConfig core...
ConectaVacantes/src/App.tsx: Target charset is not set
vicenteaugusto_useche/server.ts: Using EditorConfig core...
vicenteaugusto_useche/server.ts: Using EditorConfig core...
server.ts: Target charset is not set
vicenteaugusto_useche/ConectaVacantes/src/App.tsx: Using EditorConfig core...
vicenteaugusto_useche/ConectaVacantes/src/App.tsx: Using EditorConfig core...
ConectaVacantes/src/App.tsx: Target charset is not set
vicenteaugusto_useche/ConectaVacantes/src/App.tsx: {"tabSize":2,"indentSize":2,"insertSpaces":true,"cursorStyle":1,"lineNumbers":1}
vicenteaugusto_useche/ConectaVacantes/src/App.tsx: {"tabSize":2,"indentSize":2,"insertSpaces":true,"cursorStyle":1,"lineNumbers":1}
vicenteaugusto_useche/server.ts: {"tabSize":2,"indentSize":2,"insertSpaces":true,"cursorStyle":1,"lineNumbers":1}
vicenteaugusto_useche/server.ts: Using EditorConfig core...
server.ts: Target charset is not set
vicenteaugusto_useche/ConectaVacantes/server.ts: {"tabSize":2,"indentSize":2,"insertSpaces":true,"cursorStyle":1,"lineNumbers":1}
vicenteaugusto_useche/ConectaVacantes/server.ts: Using EditorConfig core...
ConectaVacantes/server.ts: Target charset is not set
vicenteaugusto_useche/src/components/LoginScreen.tsx: {"tabSize":2,"indentSize":2,"insertSpaces":true,"cursorStyle":1,"lineNumbers":1}
vicenteaugusto_useche/src/components/LoginScreen.tsx: Using EditorConfig core...
src/components/LoginScreen.tsx: Target charset is not set
vicenteaugusto_useche/server.ts: Using EditorConfig core...
vicenteaugusto_useche/server.ts: Using EditorConfig core...
server.ts: Target charset is not set
vicenteaugusto_useche/ConectaVacantes/server.ts: Using EditorConfig core...
vicenteaugusto_useche/ConectaVacantes/server.ts: Using EditorConfig core...
ConectaVacantes/server.ts: Target charset is not set
vicenteaugusto_useche/ConectaVacantes/server.ts: Using EditorConfig core...
vicenteaugusto_useche/ConectaVacantes/server.ts: Using EditorConfig core...
ConectaVacantes/server.ts: Target charset is not set
vicenteaugusto_useche/src/components/LoginScreen.tsx: Using EditorConfig core...
vicenteaugusto_useche/src/components/LoginScreen.tsx: Using EditorConfig core...
src/components/LoginScreen.tsx: Target charset is not set
vicenteaugusto_useche/src/components/LoginScreen.tsx: {"tabSize":2,"indentSize":2,"insertSpaces":true,"cursorStyle":1,"lineNumbers":1}
vicenteaugusto_useche/ConectaVacantes/server.ts: {"tabSize":2,"indentSize":2,"insertSpaces":true,"cursorStyle":1,"lineNumbers":1}
vicenteaugusto_useche/ConectaVacantes/server.ts: Using EditorConfig core...
ConectaVacantes/server.ts: Target charset is not set
vicenteaugusto_useche/server.ts: {"tabSize":2,"indentSize":2,"insertSpaces":true,"cursorStyle":1,"lineNumbers":1}
vicenteaugusto_useche/server.ts: Using EditorConfig core...
server.ts: Target charset is not set
vicenteaugusto_useche/src/components/LoginScreen.tsx: {"tabSize":4,"indentSize":4,"insertSpaces":true,"cursorStyle":1,"lineNumbers":1}
vicenteaugusto_useche/src/components/LoginScreen.tsx: Using EditorConfig core...
src/components/LoginScreen.tsx: Target charset is not set
vicenteaugusto_useche/server.ts: {"tabSize":2,"indentSize":2,"insertSpaces":true,"cursorStyle":1,"lineNumbers":1}
vicenteaugusto_useche/server.ts: Using EditorConfig core...
server.ts: Target charset is not set
No more open editors.
No more open editors.
No more open editors.
No more open editors.
vicenteaugusto_useche/server.ts: {"tabSize":2,"indentSize":2,"insertSpaces":true,"cursorStyle":1,"lineNumbers":1}
vicenteaugusto_useche/server.ts: Using EditorConfig core...
vicenteaugusto_useche/server.ts: {"tabSize":2,"indentSize":2,"insertSpaces":true,"cursorStyle":1,"lineNumbers":1}
server.ts: Target charset is not set
vicenteaugusto_useche/server.ts: Using EditorConfig core...
vicenteaugusto_useche/server.ts: Using EditorConfig core...
server.ts: Target charset is not set
vicenteaugusto_useche/src/App.tsx: {"tabSize":2,"indentSize":2,"insertSpaces":true,"cursorStyle":1,"lineNumbers":1}
vicenteaugusto_useche/src/App.tsx: Using EditorConfig core...
src/App.tsx: Target charset is not set
vicenteaugusto_useche/src/components/MailInbox.tsx: {"tabSize":4,"indentSize":4,"insertSpaces":true,"cursorStyle":1,"lineNumbers":1}
vicenteaugusto_useche/src/components/MailInbox.tsx: Using EditorConfig core...
src/components/MailInbox.tsx: Target charset is not set
vicenteaugusto_useche/.codeoss/data/User/History/6ed08c50/viWW.ts: {"tabSize":2,"indentSize":2,"insertSpaces":true,"cursorStyle":1,"lineNumbers":1}
vicenteaugusto_useche/.codeoss/data/User/History/6ed08c50/viWW.ts: Using EditorConfig core...
.codeoss/data/User/History/6ed08c50/viWW.ts: Target charset is not set
vicenteaugusto_useche/.codeoss/data/User/History/6ed08c50/viWW.ts: Using EditorConfig core...
vicenteaugusto_useche/src/App.tsx: Using EditorConfig core...
vicenteaugusto_useche/.codeoss/data/User/History/6ed08c50/viWW.ts: Using EditorConfig core...
.codeoss/data/User/History/6ed08c50/viWW.ts: Target charset is not set
vicenteaugusto_useche/src/App.tsx: Using EditorConfig core...
src/App.tsx: Target charset is not set
vicenteaugusto_useche/src/App.tsx: Using EditorConfig core...
vicenteaugusto_useche/src/App.tsx: Using EditorConfig core...
src/App.tsx: Target charset is not set
vicenteaugusto_useche/src/components/MailInbox.tsx: Using EditorConfig core...
vicenteaugusto_useche/src/components/MailInbox.tsx: Using EditorConfig core...
src/components/MailInbox.tsx: Target charset is not set
vicenteaugusto_useche/src/components/MailInbox.tsx: {"tabSize":4,"indentSize":4,"insertSpaces":true,"cursorStyle":1,"lineNumbers":1}
vicenteaugusto_useche/src/components/MailInbox.tsx: Using EditorConfig core...
src/components/MailInbox.tsx: Target charset is not set
vicenteaugusto_useche/.codeoss/data/User/History/6ed08c50/viWW.ts: Using EditorConfig core...
vicenteaugusto_useche/.codeoss/data/User/History/6ed08c50/viWW.ts: Using EditorConfig core...
.codeoss/data/User/History/6ed08c50/viWW.ts: Target charset is not set
vicenteaugusto_useche/.codeoss/data/User/History/6ed08c50/viWW.ts: {"tabSize":2,"indentSize":2,"insertSpaces":true,"cursorStyle":1,"lineNumbers":1}
vicenteaugusto_useche/.codeoss/data/User/History/6ed08c50/viWW.ts: Using EditorConfig core...
.codeoss/data/User/History/6ed08c50/viWW.ts: Target charset is not set
vicenteaugusto_useche/.codeoss/data/User/History/6ed08c50/viWW.ts: {"tabSize":2,"indentSize":2,"insertSpaces":true,"cursorStyle":1,"lineNumbers":1}
vicenteaugusto_useche/src/components/MailInbox.tsx: {"tabSize":4,"indentSize":4,"insertSpaces":true,"cursorStyle":1,"lineNumbers":1}
vicenteaugusto_useche/src/components/MailInbox.tsx: Using EditorConfig core...
src/components/MailInbox.tsx: Target charset is not set
vicenteaugusto_useche/src/App.tsx: {"tabSize":2,"indentSize":2,"insertSpaces":true,"cursorStyle":1,"lineNumbers":1}
vicenteaugusto_useche/src/App.tsx: Using EditorConfig core...
src/App.tsx: Target charset is not set
vicenteaugusto_useche/src/App.tsx: Using EditorConfig core...
vicenteaugusto_useche/src/App.tsx: Using EditorConfig core...
src/App.tsx: Target charset is not set
vicenteaugusto_useche/.codeoss/data/User/History/6ed08c50/viWW.ts: Using EditorConfig core...
vicenteaugusto_useche/.codeoss/data/User/History/6ed08c50/viWW.ts: Using EditorConfig core...
.codeoss/data/User/History/6ed08c50/viWW.ts: Target charset is not set
vicenteaugusto_useche/src/components/MailInbox.tsx: Using EditorConfig core...
vicenteaugusto_useche/src/components/MailInbox.tsx: Using EditorConfig core...
src/components/MailInbox.tsx: Target charset is not set
vicenteaugusto_useche/src/components/MailInbox.tsx: {"tabSize":4,"indentSize":4,"insertSpaces":true,"cursorStyle":1,"lineNumbers":1}
vicenteaugusto_useche/src/components/MailInbox.tsx: Using EditorConfig core...
src/components/MailInbox.tsx: Target charset is not set
vicenteaugusto_useche/src/App.tsx: Using EditorConfig core...
vicenteaugusto_useche/src/App.tsx: Using EditorConfig core...
src/App.tsx: Target charset is not set
vicenteaugusto_useche/src/App.tsx: {"tabSize":2,"indentSize":2,"insertSpaces":true,"cursorStyle":1,"lineNumbers":1}
vicenteaugusto_useche/src/App.tsx: Using EditorConfig core...
src/App.tsx: Target charset is not set
vicenteaugusto_useche/.codeoss/data/User/History/6ed08c50/viWW.ts: {"tabSize":2,"indentSize":2,"insertSpaces":true,"cursorStyle":1,"lineNumbers":1}
vicenteaugusto_useche/.codeoss/data/User/History/6ed08c50/viWW.ts: Using EditorConfig core...
vicenteaugusto_useche/.codeoss/data/User/History/6ed08c50/viWW.ts: {"tabSize":2,"indentSize":2,"insertSpaces":true,"cursorStyle":1,"lineNumbers":1}
.codeoss/data/User/History/6ed08c50/viWW.ts: Target charset is not set
vicenteaugusto_useche/src/App.tsx: {"tabSize":2,"indentSize":2,"insertSpaces":true,"cursorStyle":1,"lineNumbers":1}
vicenteaugusto_useche/src/App.tsx: Using EditorConfig core...
src/App.tsx: Target charset is not set
vicenteaugusto_useche/src/components/MailInbox.tsx: {"tabSize":4,"indentSize":4,"insertSpaces":true,"cursorStyle":1,"lineNumbers":1}
vicenteaugusto_useche/src/components/MailInbox.tsx: Using EditorConfig core...
src/components/MailInbox.tsx: Target charset is not set
vicenteaugusto_useche/CIERRE_TECNICO.md: {"tabSize":4,"indentSize":4,"insertSpaces":true,"cursorStyle":1,"lineNumbers":1}
vicenteaugusto_useche/CIERRE_TECNICO.md: Using EditorConfig core...
CIERRE_TECNICO.md: Target charset is not set
vicenteaugusto_useche/CIERRE_TECNICO.md: Using EditorConfig core...
vicenteaugusto_useche/CIERRE_TECNICO.md: Using EditorConfig core...
CIERRE_TECNICO.md: Target charset is not set
vicenteaugusto_useche/.codeoss/data/User/History/6ed08c50/viWW.ts: Using EditorConfig core...
vicenteaugusto_useche/.codeoss/data/User/History/6ed08c50/viWW.ts: Using EditorConfig core...
.codeoss/data/User/History/6ed08c50/viWW.ts: Target charset is not set
vicenteaugusto_useche/src/components/MailInbox.tsx: Using EditorConfig core...
vicenteaugusto_useche/src/components/MailInbox.tsx: Using EditorConfig core...
src/components/MailInbox.tsx: Target charset is not set
vicenteaugusto_useche/.codeoss/data/User/History/6ed08c50/viWW.ts: {"tabSize":2,"indentSize":2,"insertSpaces":true,"cursorStyle":1,"lineNumbers":1}
vicenteaugusto_useche/.codeoss/data/User/History/6ed08c50/viWW.ts: Using EditorConfig core...
vicenteaugusto_useche/.codeoss/data/User/History/6ed08c50/viWW.ts: {"tabSize":2,"indentSize":2,"insertSpaces":true,"cursorStyle":1,"lineNumbers":1}
.codeoss/data/User/History/6ed08c50/viWW.ts: Target charset is not set
vicenteaugusto_useche/src/App.tsx: {"tabSize":2,"indentSize":2,"insertSpaces":true,"cursorStyle":1,"lineNumbers":1}
vicenteaugusto_useche/src/App.tsx: Using EditorConfig core...
src/App.tsx: Target charset is not set
vicenteaugusto_useche/src/components/MailInbox.tsx: {"tabSize":4,"indentSize":4,"insertSpaces":true,"cursorStyle":1,"lineNumbers":1}
vicenteaugusto_useche/src/components/MailInbox.tsx: Using EditorConfig core...
src/components/MailInbox.tsx: Target charset is not set
vicenteaugusto_useche/src/components/MailInbox.tsx: Using EditorConfig core...
vicenteaugusto_useche/src/components/MailInbox.tsx: Using EditorConfig core...
src/components/MailInbox.tsx: Target charset is not set
vicenteaugusto_useche/.codeoss/data/User/History/6ed08c50/viWW.ts: Using EditorConfig core...
vicenteaugusto_useche/.codeoss/data/User/History/6ed08c50/viWW.ts: Using EditorConfig core...
.codeoss/data/User/History/6ed08c50/viWW.ts: Target charset is not set
vicenteaugusto_useche/.codeoss/data/User/History/6ed08c50/viWW.ts: Using EditorConfig core...
vicenteaugusto_useche/.codeoss/data/User/History/6ed08c50/viWW.ts: Using EditorConfig core...
.codeoss/data/User/History/6ed08c50/viWW.ts: Target charset is not set
vicenteaugusto_useche/src/App.tsx: Using EditorConfig core...
vicenteaugusto_useche/src/App.tsx: Using EditorConfig core...
src/App.tsx: Target charset is not set
vicenteaugusto_useche/src/App.tsx: {"tabSize":2,"indentSize":2,"insertSpaces":true,"cursorStyle":1,"lineNumbers":1}
vicenteaugusto_useche/src/App.tsx: Using EditorConfig core...
src/App.tsx: Target charset is not set
vicenteaugusto_useche/src/App.tsx: Using EditorConfig core...
vicenteaugusto_useche/src/App.tsx: Using EditorConfig core...
src/App.tsx: Target charset is not set
vicenteaugusto_useche/src/components/MailInbox.tsx: Using EditorConfig core...
vicenteaugusto_useche/src/components/MailInbox.tsx: Using EditorConfig core...
src/components/MailInbox.tsx: Target charset is not set
vicenteaugusto_useche/src/components/MailInbox.tsx: Using EditorConfig core...
vicenteaugusto_useche/src/components/MailInbox.tsx: Using EditorConfig core...
src/components/MailInbox.tsx: Target charset is not set
vicenteaugusto_useche/src/components/MailInbox.tsx: {"tabSize":4,"indentSize":4,"insertSpaces":true,"cursorStyle":1,"lineNumbers":1}
vicenteaugusto_useche/src/components/MailInbox.tsx: Using EditorConfig core...
src/components/MailInbox.tsx: Target charset is not set
vicenteaugusto_useche/src/components/MailInbox.tsx: {"tabSize":4,"indentSize":4,"insertSpaces":true,"cursorStyle":1,"lineNumbers":1}
vicenteaugusto_useche/src/components/MailInbox.tsx: {"tabSize":4,"indentSize":4,"insertSpaces":true,"cursorStyle":1,"lineNumbers":1}
vicenteaugusto_useche/src/App.tsx: {"tabSize":2,"indentSize":2,"insertSpaces":true,"cursorStyle":1,"lineNumbers":1}
vicenteaugusto_useche/src/App.tsx: Using EditorConfig core...
src/App.tsx: Target charset is not set
vicenteaugusto_useche/src/components/MailInbox.tsx: {"tabSize":4,"indentSize":4,"insertSpaces":true,"cursorStyle":1,"lineNumbers":1}
vicenteaugusto_useche/src/components/MailInbox.tsx: Using EditorConfig core...
src/components/MailInbox.tsx: Target charset is not set
vicenteaugusto_useche/src/App.tsx: {"tabSize":2,"indentSize":2,"insertSpaces":true,"cursorStyle":1,"lineNumbers":1}
vicenteaugusto_useche/src/App.tsx: Using EditorConfig core...
src/App.tsx: Target charset is not set
vicenteaugusto_useche/.codeoss/data/User/History/6ed08c50/viWW.ts: {"tabSize":2,"indentSize":2,"insertSpaces":true,"cursorStyle":1,"lineNumbers":1}
vicenteaugusto_useche/.codeoss/data/User/History/6ed08c50/viWW.ts: Using EditorConfig core...
.codeoss/data/User/History/6ed08c50/viWW.ts: Target charset is not set
vicenteaugusto_useche/.codeoss/data/User/History/6ed08c50/viWW.ts: Using EditorConfig core...
vicenteaugusto_useche/.codeoss/data/User/History/6ed08c50/viWW.ts: Using EditorConfig core...
.codeoss/data/User/History/6ed08c50/viWW.ts: Target charset is not set
vicenteaugusto_useche/.codeoss/data/User/History/6ed08c50/viWW.ts: {"tabSize":2,"indentSize":2,"insertSpaces":true,"cursorStyle":1,"lineNumbers":1}
vicenteaugusto_useche/.codeoss/data/User/History/6ed08c50/viWW.ts: {"tabSize":2,"indentSize":2,"insertSpaces":true,"cursorStyle":1,"lineNumbers":1}
vicenteaugusto_useche/.codeoss/data/User/History/6ed08c50/viWW.ts: {"tabSize":2,"indentSize":2,"insertSpaces":true,"cursorStyle":1,"lineNumbers":1}
vicenteaugusto_useche/.codeoss/data/User/History/6ed08c50/viWW.ts: {"tabSize":2,"indentSize":2,"insertSpaces":true,"cursorStyle":1,"lineNumbers":1}
vicenteaugusto_useche/.codeoss/data/User/History/6ed08c50/viWW.ts: {"tabSize":2,"indentSize":2,"insertSpaces":true,"cursorStyle":1,"lineNumbers":1}
vicenteaugusto_useche/package.json: {"tabSize":2,"indentSize":2,"insertSpaces":true,"cursorStyle":1,"lineNumbers":1}
vicenteaugusto_useche/package.json: Using EditorConfig core...
package.json: Target charset is not set
vicenteaugusto_useche/package.json: {"tabSize":2,"indentSize":2,"insertSpaces":true,"cursorStyle":1,"lineNumbers":1}
vicenteaugusto_useche/vite.config.ts: {"tabSize":2,"indentSize":2,"insertSpaces":true,"cursorStyle":1,"lineNumbers":1}
vicenteaugusto_useche/vite.config.ts: Using EditorConfig core...
vite.config.ts: Target charset is not set
vicenteaugusto_useche/viWW.ts: {"tabSize":4,"indentSize":4,"insertSpaces":true,"cursorStyle":1,"lineNumbers":1}
vicenteaugusto_useche/viWW.ts: Using EditorConfig core...
viWW.ts: Target charset is not set
vicenteaugusto_useche/viWW.ts: Using EditorConfig core...
vicenteaugusto_useche/viWW.ts: Using EditorConfig core...
viWW.ts: Target charset is not set
vicenteaugusto_useche/package.json: Using EditorConfig core...
vicenteaugusto_useche/package.json: Using EditorConfig core...
package.json: Target charset is not set
vicenteaugusto_useche/vite.config.ts: Using EditorConfig core...
vicenteaugusto_useche/vite.config.ts: {"tabSize":2,"indentSize":2,"insertSpaces":true,"cursorStyle":1,"lineNumbers":1}
vicenteaugusto_useche/vite.config.ts: Using EditorConfig core...
vite.config.ts: Target charset is not set
vicenteaugusto_useche/vite.config.ts: Using EditorConfig core...
vite.config.ts: Target charset is not set
vicenteaugusto_useche/viWW.ts: Using EditorConfig core...
vicenteaugusto_useche/viWW.ts: Using EditorConfig core...
viWW.ts: Target charset is not set
vicenteaugusto_useche/viWW.ts: {"tabSize":4,"indentSize":4,"insertSpaces":true,"cursorStyle":1,"lineNumbers":1}
vicenteaugusto_useche/viWW.ts: Using EditorConfig core...
viWW.ts: Target charset is not set
vicenteaugusto_useche/viWW.ts: {"tabSize":4,"indentSize":4,"insertSpaces":true,"cursorStyle":1,"lineNumbers":1}
vicenteaugusto_useche/viWW.ts: {"tabSize":4,"indentSize":4,"insertSpaces":true,"cursorStyle":1,"lineNumbers":1}
vicenteaugusto_useche/viWW.ts: {"tabSize":4,"indentSize":4,"insertSpaces":true,"cursorStyle":1,"lineNumbers":1}
vicenteaugusto_useche/viWW.ts: {"tabSize":4,"indentSize":4,"insertSpaces":true,"cursorStyle":1,"lineNumbers":1}
vicenteaugusto_useche/viWW.ts: {"tabSize":4,"indentSize":4,"insertSpaces":true,"cursorStyle":1,"lineNumbers":1}
vicenteaugusto_useche/vite.config.ts: {"tabSize":2,"indentSize":2,"insertSpaces":true,"cursorStyle":1,"lineNumbers":1}
vicenteaugusto_useche/vite.config.ts: Using EditorConfig core...
vite.config.ts: Target charset is not set
vicenteaugusto_useche/package.json: {"tabSize":2,"indentSize":2,"insertSpaces":true,"cursorStyle":1,"lineNumbers":1}
vicenteaugusto_useche/package.json: Using EditorConfig core...
package.json: Target charset is not set
vicenteaugusto_useche/.codeoss/data/User/History/6ed08c50/viWW.ts: {"tabSize":2,"indentSize":2,"insertSpaces":true,"cursorStyle":1,"lineNumbers":1}
vicenteaugusto_useche/.codeoss/data/User/History/6ed08c50/viWW.ts: Using EditorConfig core...
.codeoss/data/User/History/6ed08c50/viWW.ts: Target charset is not set
vicenteaugusto_useche/src/App.tsx: {"tabSize":2,"indentSize":2,"insertSpaces":true,"cursorStyle":1,"lineNumbers":1}
vicenteaugusto_useche/src/App.tsx: Using EditorConfig core...
src/App.tsx: Target charset is not set
vicenteaugusto_useche/src/components/MailInbox.tsx: {"tabSize":4,"indentSize":4,"insertSpaces":true,"cursorStyle":1,"lineNumbers":1}
vicenteaugusto_useche/src/components/MailInbox.tsx: Using EditorConfig core...
src/components/MailInbox.tsx: Target charset is not set
vicenteaugusto_useche/server.ts: {"tabSize":2,"indentSize":2,"insertSpaces":true,"cursorStyle":1,"lineNumbers":1}
vicenteaugusto_useche/server.ts: Using EditorConfig core...
server.ts: Target charset is not set
vicenteaugusto_useche/package.json: {"tabSize":2,"indentSize":2,"insertSpaces":true,"cursorStyle":1,"lineNumbers":1}
vicenteaugusto_useche/package.json: Using EditorConfig core...
vicenteaugusto_useche/package.json: {"tabSize":2,"indentSize":2,"insertSpaces":true,"cursorStyle":1,"lineNumbers":1}
package.json: Target charset is not set
vicenteaugusto_useche/viWW.ts: {"tabSize":2,"indentSize":2,"insertSpaces":true,"cursorStyle":1,"lineNumbers":1}
vicenteaugusto_useche/viWW.ts: Using EditorConfig core...
viWW.ts: Target charset is not set
vicenteaugusto_useche/viWW.ts: Using EditorConfig core...
vicenteaugusto_useche/viWW.ts: Using EditorConfig core...
viWW.ts: Target charset is not set
vicenteaugusto_useche/package.json: Using EditorConfig core...
vicenteaugusto_useche/package.json: Using EditorConfig core...
package.json: Target charset is not set
vicenteaugusto_useche/viWW.ts: Using EditorConfig core...
vicenteaugusto_useche/viWW.ts: Using EditorConfig core...
viWW.ts: Target charset is not set
vicenteaugusto_useche/viWW.ts: {"tabSize":2,"indentSize":2,"insertSpaces":true,"cursorStyle":1,"lineNumbers":1}
vicenteaugusto_useche/package.json: {"tabSize":2,"indentSize":2,"insertSpaces":true,"cursorStyle":1,"lineNumbers":1}
vicenteaugusto_useche/package.json: Using EditorConfig core...
package.json: Target charset is not set
vicenteaugusto_useche/viWW.ts: {"tabSize":2,"indentSize":2,"insertSpaces":true,"cursorStyle":1,"lineNumbers":1}
vicenteaugusto_useche/viWW.ts: Using EditorConfig core...
viWW.ts: Target charset is not set
vicenteaugusto_useche/viWW.ts: Using EditorConfig core...
vicenteaugusto_useche/viWW.ts: Using EditorConfig core...
viWW.ts: Target charset is not set
vicenteaugusto_useche/viWW.ts: {"tabSize":2,"indentSize":2,"insertSpaces":true,"cursorStyle":1,"lineNumbers":1}
vicenteaugusto_useche/viWW.ts: Using EditorConfig core...
vicenteaugusto_useche/viWW.ts: Using EditorConfig core...
viWW.ts: Target charset is not set
vicenteaugusto_useche/viWW.ts: {"tabSize":2,"indentSize":2,"insertSpaces":true,"cursorStyle":1,"lineNumbers":1}
vicenteaugusto_useche/viWW.ts: Using EditorConfig core...
vicenteaugusto_useche/viWW.ts: Using EditorConfig core...
viWW.ts: Target charset is not set
vicenteaugusto_useche/viWW.ts: Using EditorConfig core...
vicenteaugusto_useche/viWW.ts: Using EditorConfig core...
viWW.ts: Target charset is not set
/tmp/894d830d-f80f-4655-baea-21cad964712b: {"tabSize":2,"indentSize":2,"insertSpaces":true,"cursorStyle":1,"lineNumbers":1}
/tmp/894d830d-f80f-4655-baea-21cad964712b: Using EditorConfig core...
/tmp/894d830d-f80f-4655-baea-21cad964712b: Target charset is not set
/User/settings.json: Using EditorConfig core...
/User/settings.json: Using EditorConfig core...
/User/settings.json: Target charset is not set
/tmp/894d830d-f80f-4655-baea-21cad964712b: Using EditorConfig core...
/tmp/894d830d-f80f-4655-baea-21cad964712b: Using EditorConfig core...
/tmp/894d830d-f80f-4655-baea-21cad964712b: Target charset is not set
/tmp/894d830d-f80f-4655-baea-21cad964712b: Using EditorConfig core...
/tmp/894d830d-f80f-4655-baea-21cad964712b: Using EditorConfig core...
/tmp/894d830d-f80f-4655-baea-21cad964712b: Target charset is not set
vicenteaugusto_useche/viWW.ts: {"tabSize":2,"indentSize":2,"insertSpaces":true,"cursorStyle":1,"lineNumbers":1}
vicenteaugusto_useche/viWW.ts: Using EditorConfig core...
viWW.ts: Target charset is not set
vicenteaugusto_useche/viWW.ts: Using EditorConfig core...
vicenteaugusto_useche/viWW.ts: Using EditorConfig core...
viWW.ts: Target charset is not set
vicenteaugusto_useche/viWW.ts: Using EditorConfig core...
vicenteaugusto_useche/viWW.ts: Using EditorConfig core...
viWW.ts: Target charset is not set
vicenteaugusto_useche/viWW.ts: Using EditorConfig core...
vicenteaugusto_useche/viWW.ts: Using EditorConfig core...
viWW.ts: Target charset is not set
vicenteaugusto_useche/viWW.ts: Using EditorConfig core...
vicenteaugusto_useche/viWW.ts: Using EditorConfig core...
viWW.ts: Target charset is not set
/tmp/e027d85c-37a4-463b-bdd1-4dc430817d67: {"tabSize":2,"indentSize":2,"insertSpaces":true,"cursorStyle":1,"lineNumbers":1}
/tmp/e027d85c-37a4-463b-bdd1-4dc430817d67: Using EditorConfig core...
/tmp/e027d85c-37a4-463b-bdd1-4dc430817d67: Target charset is not set
/tmp/e027d85c-37a4-463b-bdd1-4dc430817d67: Using EditorConfig core...
/tmp/e027d85c-37a4-463b-bdd1-4dc430817d67: Using EditorConfig core...
/tmp/e027d85c-37a4-463b-bdd1-4dc430817d67: Target charset is not set
vicenteaugusto_useche/viWW.ts: {"tabSize":2,"indentSize":2,"insertSpaces":true,"cursorStyle":1,"lineNumbers":1}
vicenteaugusto_useche/viWW.ts: Using EditorConfig core...
viWW.ts: Target charset is not set
/tmp/6e01e5c5-1884-456b-99eb-dbd607489313: {"tabSize":2,"indentSize":2,"insertSpaces":true,"cursorStyle":1,"lineNumbers":1}
/tmp/6e01e5c5-1884-456b-99eb-dbd607489313: Using EditorConfig core...
/tmp/6e01e5c5-1884-456b-99eb-dbd607489313: Target charset is not set
/tmp/6e01e5c5-1884-456b-99eb-dbd607489313: Using EditorConfig core...
/tmp/6e01e5c5-1884-456b-99eb-dbd607489313: Using EditorConfig core...
/tmp/6e01e5c5-1884-456b-99eb-dbd607489313: Target charset is not set
vicenteaugusto_useche/viWW.ts: {"tabSize":2,"indentSize":2,"insertSpaces":true,"cursorStyle":1,"lineNumbers":1}
vicenteaugusto_useche/viWW.ts: Using EditorConfig core...
viWW.ts: Target charset is not set
/tmp/6e01e5c5-1884-456b-99eb-dbd607489313: {"tabSize":2,"indentSize":2,"insertSpaces":true,"cursorStyle":1,"lineNumbers":1}
/tmp/6e01e5c5-1884-456b-99eb-dbd607489313: Using EditorConfig core...
/tmp/6e01e5c5-1884-456b-99eb-dbd607489313: Target charset is not set
vicenteaugusto_useche/viWW.ts: Using EditorConfig core...
vicenteaugusto_useche/viWW.ts: Using EditorConfig core...
viWW.ts: Target charset is not set
/tmp/6e01e5c5-1884-456b-99eb-dbd607489313: Using EditorConfig core...
/tmp/6e01e5c5-1884-456b-99eb-dbd607489313: Using EditorConfig core...
/tmp/6e01e5c5-1884-456b-99eb-dbd607489313: Target charset is not set
/tmp/6e01e5c5-1884-456b-99eb-dbd607489313: Using EditorConfig core...
/tmp/6e01e5c5-1884-456b-99eb-dbd607489313: Using EditorConfig core...
/tmp/6e01e5c5-1884-456b-99eb-dbd607489313: Target charset is not set
vicenteaugusto_useche/viWW.ts: {"tabSize":2,"indentSize":2,"insertSpaces":true,"cursorStyle":1,"lineNumbers":1}
vicenteaugusto_useche/viWW.ts: Using EditorConfig core...
viWW.ts: Target charset is not set
vicenteaugusto_useche/vite.config.ts: {"tabSize":2,"indentSize":2,"insertSpaces":true,"cursorStyle":1,"lineNumbers":1}
vicenteaugusto_useche/vite.config.ts: Using EditorConfig core...
vite.config.ts: Target charset is not set
vicenteaugusto_useche/vite.config.ts: {"tabSize":2,"indentSize":2,"insertSpaces":true,"cursorStyle":1,"lineNumbers":1}
vicenteaugusto_useche/vite.config.ts: {"tabSize":2,"indentSize":2,"insertSpaces":true,"cursorStyle":1,"lineNumbers":1}
vicenteaugusto_useche/viWW.ts: {"tabSize":2,"indentSize":2,"insertSpaces":true,"cursorStyle":1,"lineNumbers":1}
vicenteaugusto_useche/viWW.ts: Using EditorConfig core...
viWW.ts: Target charset is not set
vicenteaugusto_useche/src/App.tsx: {"tabSize":2,"indentSize":2,"insertSpaces":true,"cursorStyle":1,"lineNumbers":1}
vicenteaugusto_useche/src/App.tsx: Using EditorConfig core...
src/App.tsx: Target charset is not set
vicenteaugusto_useche/viWW.ts: Using EditorConfig core...
vicenteaugusto_useche/src/App.tsx: Using EditorConfig core...
vicenteaugusto_useche/viWW.ts: Using EditorConfig core...
vicenteaugusto_useche/src/App.tsx: Using EditorConfig core...
viWW.ts: Target charset is not set
src/App.tsx: Target charset is not set
vicenteaugusto_useche/viWW.ts: Using EditorConfig core...
vicenteaugusto_useche/viWW.ts: Using EditorConfig core...
vicenteaugusto_useche/src/App.tsx: Using EditorConfig core...
viWW.ts: Target charset is not set
vicenteaugusto_useche/src/App.tsx: Using EditorConfig core...
src/App.tsx: Target charset is not set
vicenteaugusto_useche/src/App.tsx: Using EditorConfig core...
vicenteaugusto_useche/src/App.tsx: Using EditorConfig core...
src/App.tsx: Target charset is not set
vicenteaugusto_useche/viWW.ts: {"tabSize":2,"indentSize":2,"insertSpaces":true,"cursorStyle":1,"lineNumbers":1}
vicenteaugusto_useche/viWW.ts: Using EditorConfig core...
viWW.ts: Target charset is not set
No more open editors.
No more open editors.
vicenteaugusto_useche/package.json: {"tabSize":2,"indentSize":2,"insertSpaces":true,"cursorStyle":1,"lineNumbers":1}
vicenteaugusto_useche/package.json: Using EditorConfig core...
package.json: Target charset is not set
vicenteaugusto_useche/viWW.ts: {"tabSize":2,"indentSize":2,"insertSpaces":true,"cursorStyle":1,"lineNumbers":1}
vicenteaugusto_useche/viWW.ts: Using EditorConfig core...
viWW.ts: Target charset is not set
vicenteaugusto_useche/viWW.ts: Using EditorConfig core...
vicenteaugusto_useche/viWW.ts: Using EditorConfig core...
viWW.ts: Target charset is not set
vicenteaugusto_useche/package.json: Using EditorConfig core...
vicenteaugusto_useche/package.json: Using EditorConfig core...
package.json: Target charset is not set
vicenteaugusto_useche/viWW.ts: Using EditorConfig core...
vicenteaugusto_useche/viWW.ts: Using EditorConfig core...
viWW.ts: Target charset is not set
vicenteaugusto_useche/viWW.ts: {"tabSize":2,"indentSize":2,"insertSpaces":true,"cursorStyle":1,"lineNumbers":1}
vicenteaugusto_useche/viWW.ts: {"tabSize":2,"indentSize":2,"insertSpaces":true,"cursorStyle":1,"lineNumbers":1}
vicenteaugusto_useche/viWW.ts: {"tabSize":2,"indentSize":2,"insertSpaces":true,"cursorStyle":1,"lineNumbers":1}
vicenteaugusto_useche/.env: {"tabSize":4,"indentSize":4,"insertSpaces":true,"cursorStyle":1,"lineNumbers":1}
vicenteaugusto_useche/.env: Using EditorConfig core...
.env: Target charset is not set
vicenteaugusto_useche/viWW.ts: {"tabSize":2,"indentSize":2,"insertSpaces":true,"cursorStyle":1,"lineNumbers":1}
vicenteaugusto_useche/viWW.ts: Using EditorConfig core...
viWW.ts: Target charset is not set
vicenteaugusto_useche/src/App.tsx: {"tabSize":2,"indentSize":2,"insertSpaces":true,"cursorStyle":1,"lineNumbers":1}
vicenteaugusto_useche/src/App.tsx: Using EditorConfig core...
src/App.tsx: Target charset is not set
vicenteaugusto_useche/src/App.tsx: Using EditorConfig core...
vicenteaugusto_useche/src/App.tsx: Using EditorConfig core...
src/App.tsx: Target charset is not set
vicenteaugusto_useche/.env: Using EditorConfig core...
vicenteaugusto_useche/.env: Using EditorConfig core...
.env: Target charset is not set
vicenteaugusto_useche/viWW.ts: Using EditorConfig core...
vicenteaugusto_useche/viWW.ts: Using EditorConfig core...
vicenteaugusto_useche/viWW.ts: {"tabSize":2,"indentSize":2,"insertSpaces":true,"cursorStyle":1,"lineNumbers":1}
vicenteaugusto_useche/viWW.ts: Using EditorConfig core...
viWW.ts: Target charset is not set
viWW.ts: Target charset is not set
vicenteaugusto_useche/src/App.tsx: Using EditorConfig core...
vicenteaugusto_useche/src/App.tsx: Using EditorConfig core...
src/App.tsx: Target charset is not set
vicenteaugusto_useche/src/App.tsx: {"tabSize":2,"indentSize":2,"insertSpaces":true,"cursorStyle":1,"lineNumbers":1}
vicenteaugusto_useche/src/App.tsx: Using EditorConfig core...
src/App.tsx: Target charset is not set
vicenteaugusto_useche/src/App.tsx: {"tabSize":2,"indentSize":2,"insertSpaces":true,"cursorStyle":1,"lineNumbers":1}
vicenteaugusto_useche/viWW.ts: {"tabSize":2,"indentSize":2,"insertSpaces":true,"cursorStyle":1,"lineNumbers":1}
vicenteaugusto_useche/viWW.ts: Using EditorConfig core...
viWW.ts: Target charset is not set
vicenteaugusto_useche/.env: {"tabSize":4,"indentSize":4,"insertSpaces":true,"cursorStyle":1,"lineNumbers":1}
vicenteaugusto_useche/.env: Using EditorConfig core...
.env: Target charset is not set
vicenteaugusto_useche/package.json: {"tabSize":2,"indentSize":2,"insertSpaces":true,"cursorStyle":1,"lineNumbers":1}
vicenteaugusto_useche/package.json: Using EditorConfig core...
package.json: Target charset is not set
vicenteaugusto_useche/src/App.tsx: {"tabSize":2,"indentSize":2,"insertSpaces":true,"cursorStyle":1,"lineNumbers":1}
vicenteaugusto_useche/src/App.tsx: Using EditorConfig core...
src/App.tsx: Target charset is not set
vicenteaugusto_useche/src/App.tsx: {"tabSize":2,"indentSize":2,"insertSpaces":true,"cursorStyle":1,"lineNumbers":1}
vicenteaugusto_useche/src/App.tsx: {"tabSize":2,"indentSize":2,"insertSpaces":true,"cursorStyle":1,"lineNumbers":1}
vicenteaugusto_useche/viWW.ts: {"tabSize":2,"indentSize":2,"insertSpaces":true,"cursorStyle":1,"lineNumbers":1}
vicenteaugusto_useche/viWW.ts: Using EditorConfig core...
viWW.ts: Target charset is not set
vicenteaugusto_useche/src/App.tsx: {"tabSize":2,"indentSize":2,"insertSpaces":true,"cursorStyle":1,"lineNumbers":1}
vicenteaugusto_useche/src/App.tsx: Using EditorConfig core...
src/App.tsx: Target charset is not set
vicenteaugusto_useche/src/App.tsx: Using EditorConfig core...
vicenteaugusto_useche/src/App.tsx: Using EditorConfig core...
src/App.tsx: Target charset is not set
vicenteaugusto_useche/viWW.ts: Using EditorConfig core...
vicenteaugusto_useche/viWW.ts: Using EditorConfig core...
viWW.ts: Target charset is not set
vicenteaugusto_useche/src/App.tsx: Using EditorConfig core...
vicenteaugusto_useche/src/App.tsx: Using EditorConfig core...
src/App.tsx: Target charset is not set
vicenteaugusto_useche/src/App.tsx: {"tabSize":2,"indentSize":2,"insertSpaces":true,"cursorStyle":1,"lineNumbers":1}
vicenteaugusto_useche/src/App.tsx: {"tabSize":2,"indentSize":2,"insertSpaces":true,"cursorStyle":1,"lineNumbers":1}
vicenteaugusto_useche/src/App.tsx: {"tabSize":2,"indentSize":2,"insertSpaces":true,"cursorStyle":1,"lineNumbers":1}
vicenteaugusto_useche/src/App.tsx: {"tabSize":2,"indentSize":2,"insertSpaces":true,"cursorStyle":1,"lineNumbers":1}
vicenteaugusto_useche/viWW.ts: {"tabSize":2,"indentSize":2,"insertSpaces":true,"cursorStyle":1,"lineNumbers":1}
vicenteaugusto_useche/viWW.ts: Using EditorConfig core...
viWW.ts: Target charset is not set
vicenteaugusto_useche/viWW.ts: {"tabSize":2,"indentSize":2,"insertSpaces":true,"cursorStyle":1,"lineNumbers":1}
vicenteaugusto_useche/src/App.tsx: {"tabSize":2,"indentSize":2,"insertSpaces":true,"cursorStyle":1,"lineNumbers":1}
vicenteaugusto_useche/src/App.tsx: Using EditorConfig core...
src/App.tsx: Target charset is not set
vicenteaugusto_useche/src/App.tsx: Using EditorConfig core...
vicenteaugusto_useche/src/App.tsx: Using EditorConfig core...
src/App.tsx: Target charset is not set
